分类1	分类2	cate-flag	食材名称	热量	碳水化合物	蛋白质	脂肪	归经	性	味
高糖禁忌	糖尿病忌食	300#119	甘薯片	344.00	4.70	0.80	80.50	肝,大肠	温	甘,酸
高糖禁忌	糖尿病忌食	300#238	甜菜根	87.00	1.00	0.10	23.50	肝,大肠	温	甘,酸
高糖禁忌	糖尿病忌食	300#274	奶柿子	15.00	0.60	0.10	3.20	肝,大肠	温	甘,酸
高糖禁忌	糖尿病忌食	300#357	酸白菜(酸菜)	10.00	0.70	0.20	2.60	肝,大肠	温	甘,酸
高糖禁忌	糖尿病忌食	300#396	甜菜叶	22.00	1.80	0.10	4.00	肝,大肠	温	甘,酸
高糖禁忌	糖尿病忌食	300#427	百合	166.00	3.20	0.10	38.80	肝,大肠	温	甘,酸
高糖禁忌	糖尿病忌食	300#451	芋头	81.00	2.20	0.20	18.10	肝,大肠	温	甘,酸
高糖禁忌	糖尿病忌食	300#513	香椿	50.00	1.70	0.40	10.90	肝,大肠	温	甘,酸
高糖禁忌	糖尿病忌食	300#685	大枣(干)	317.00	2.10	0.40	81.10	肝,大肠	温	甘,酸
高糖禁忌	糖尿病忌食	300#689	黑枣(无核)	234.00	1.70	0.30	57.30	肝,大肠	温	甘,酸
高糖禁忌	糖尿病忌食	300#749	荔枝	71.00	0.90	0.20	16.60	肝,大肠	温	甘,酸
高糖禁忌	糖尿病忌食	300#752	香蕉	93.00	1.40	0.20	22.00	肝,大肠	温	甘,酸
高糖禁忌	糖尿病忌食	300#753	杨梅	30.00	0.80	0.20	6.70	肝,大肠	温	甘,酸
高糖禁忌	糖尿病忌食	300#759	桂圆(干)	319.00	5.60	0.20	76.20	肝,大肠	温	甘,酸
高糖禁忌	糖尿病忌食	300#763	榴莲	150.00	2.60	3.30	28.30	肝,大肠	温	甘,酸
高糖禁忌	糖尿病忌食	300#778	甜瓜	27.00	0.40	0.10	6.20	肝,大肠	温	甘,酸
高糖禁忌	糖尿病忌食	300#881	猪肝	129.00	19.30	3.50	5.00	肝,大肠	温	甘,酸
高糖禁忌	糖尿病忌食	300#888	猪肚	110.00	15.20	5.10	0.70	肝,大肠	温	甘,酸
高糖禁忌	糖尿病忌食	300#901	猪蹄(熟)	260.00	23.60	17.00	3.20	肝,大肠	温	甘,酸
高糖禁忌	糖尿病忌食	300#1049	鸡心	172.00	15.90	11.80	0.60	肝,大肠	温	甘,酸
高糖禁忌	糖尿病忌食	300#1135	黄油	888.00	1.40	98.00	0.00	肝,大肠	温	甘,酸
高糖禁忌	糖尿病忌食	300#1195	鲫鱼	108.00	17.10	2.70	3.80	肝,大肠	温	甘,酸
高糖禁忌	糖尿病忌食	300#1200	鳙鱼	100.00	15.30	2.20	4.70	肝,大肠	温	甘,酸
高糖禁忌	糖尿病忌食	300#1233	鲑鱼子酱(大麻哈鱼子酱)	252.00	10.90	16.80	14.40	肝,大肠	温	甘,酸
高糖禁忌	糖尿病忌食	300#1255	鱼子酱	201.00	9.60	7.10	24.70	肝,大肠	温	甘,酸
高糖禁忌	糖尿病忌食	300#1285	河虾	87.00	16.40	2.40	0.00	肝,大肠	温	甘,酸
高糖禁忌	糖尿病忌食	300#1306	鲍鱼(杂色鲍)	84.00	12.60	0.80	6.60	肝,大肠	温	甘,酸
高糖禁忌	糖尿病忌食	300#1403	蛋糕	348.00	8.60	5.10	67.10	肝,大肠	温	甘,酸
高糖禁忌	糖尿病忌食	300#1412	月饼(百寿宴点)	435.00	5.10	22.10	55.30	肝,大肠	温	甘,酸
高糖禁忌	糖尿病忌食	300#1483	方便面	473.00	9.50	21.10	61.60	肝,大肠	温	甘,酸
高糖禁忌	糖尿病忌食	300#1504	韭菜合子	210.00	7.50	11.30	20.30	肝,大肠	温	甘,酸
高糖禁忌	糖尿病忌食	300#1508	面包	313.00	8.30	5.10	58.60	肝,大肠	温	甘,酸
高糖禁忌	糖尿病忌食	300#1524	饼干	435.00	9.00	12.70	71.70	肝,大肠	温	甘,酸
高糖禁忌	糖尿病忌食	300#1599	甘蔗汁	65.00	0.40	0.10	16.00			
高糖禁忌	糖尿病忌食	300#1661	啤酒		0.40	0.00				
高糖禁忌	糖尿病忌食	300#1663	葡萄酒		0.10	0.00		肝,大肠	温	甘,酸
高糖禁忌	糖尿病忌食	300#1672	精制小麦酒		0.00	0.00		肝,大肠	温	甘,酸
高糖禁忌	糖尿病忌食	300#1673	曲酒(55度)		0.00	0.00				
高糖禁忌	糖尿病忌食	300#1674	小麦酒(48度)		0.00	0.00				
高糖禁忌	糖尿病忌食	300#1675	茅台酒(53%)	0.00	0.00	0.00	0.00	肝,大肠	温	甘,酸
高糖禁忌	糖尿病忌食	300#1676	五粮液(52%)	0.00	0.00	0.00	0.00	肝,大肠	温	甘,酸
高糖禁忌	糖尿病忌食	300#1677	伏特加	0.00	0.00	0.00	0.00	肝,大肠	温	甘,酸
高糖禁忌	糖尿病忌食	300#1678	威士忌	0.00	0.00	0.00	0.10	肝,大肠	温	甘,酸
高糖禁忌	糖尿病忌食	300#1683	白砂糖	400.00	0.00	0.00	99.90	肝,大肠	温	甘,酸
高糖禁忌	糖尿病忌食	300#1747	鸭油(炼)	897.00	0.00	99.70	0.00	肝,大肠	温	甘,酸
高糖禁忌	糖尿病忌食	300#1749	羊油(炼)	895.00	0.00	99.00	0.90	肝,大肠	温	甘,酸
高糖禁忌	糖尿病忌食	300#1750	猪油(板油)	827.00	0.00	88.70	7.20	肝,大肠	温	甘,酸
高糖禁忌	糖尿病忌食	300#1751	猪油(炼)	897.00	0.00	99.60	0.20	肝,大肠	温	甘,酸
高糖禁忌	糖尿病忌食	300#1866	腌雪里红	29.00	2.40	0.20	5.40	肝,大肠	温	甘,酸
高糖禁忌	糖尿病忌食	300#31	油饼	403.00	7.90	22.90	42.40	肝,大肠	温	甘,酸
高糖禁忌	糖尿病忌食	300#32	油条	388.00	6.90	17.60	51.00	肝,大肠	温	甘,酸
高糖禁忌	糖尿病忌食	300#62	糯米	350.00	7.30	1.00	78.30	肝,大肠	温	甘,酸
高糖禁忌	糖尿病宜食	301#78	玉米(鲜)	112.00	4.00	1.20	22.80	肝,大肠	温	甘,酸
高糖禁忌	糖尿病宜食	301#92	小米	361.00	9.00	3.10	75.10	肝,大肠	温	甘,酸
高糖禁忌	糖尿病宜食	301#139	黄豆	389.00	35.00	15.90	34.20	肝,大肠	温	甘,酸
高糖禁忌	糖尿病宜食	301#140	黄豆粉	441.00	35.00	18.30	37.60	肝,大肠	温	甘,酸
高糖禁忌	糖尿病宜食	301#141	豆腐花(干)	401.00	10.00	2.60	84.30	肝,大肠	温	甘,酸
高糖禁忌	糖尿病宜食	301#145	豆腐	82.00	8.10	3.70	4.20	肝,大肠	温	甘,酸
高糖禁忌	糖尿病宜食	301#231	樱桃萝卜	13.00	0.90	0.10	3.00	肝,大肠	温	甘,酸
高糖禁忌	糖尿病宜食	301#272	西红柿	20.00	0.90	0.20	4.00	肝,大肠	温	甘,酸
高糖禁忌	糖尿病宜食	301#275	辣椒(红，尖，干)	295.00	15.00	12.00	52.70			
高糖禁忌	糖尿病宜食	301#277	青椒	27.00	1.40	0.30	5.80	肝,大肠	温	甘,酸
高糖禁忌	糖尿病宜食	301#319	大蒜(蒜头)	128.00	4.50	0.20	27.60	肝,大肠	温	甘,酸
高糖禁忌	糖尿病宜食	301#332	洋葱	40.00	1.10	0.20	9.00	肝,大肠	温	甘,酸
高糖禁忌	糖尿病宜食	301#374	结球甘蓝(绿)[洋白菜]	17.00	0.90	0.20	4.00	肝,大肠	温	甘,酸
高糖禁忌	糖尿病宜食	301#384	冬寒菜[冬苋菜，冬葵]	34.00	3.90	0.40	4.90	肝,大肠	温	甘,酸
高糖禁忌	糖尿病宜食	301#391	芹菜(白茎)	17.00	0.80	0.10	3.90	肝,大肠	温	甘,酸
高糖禁忌	糖尿病宜食	301#395	生菜	16.00	1.40	0.40	2.10	肝,大肠	温	甘,酸
高糖禁忌	糖尿病宜食	301#455	生姜	46.00	1.30	0.60	10.30	肝,大肠	温	甘,酸
高糖禁忌	糖尿病宜食	301#481	番杏[夏菠菜，新西兰菠菜]		0.00	0.00		肝,大肠	温	甘,酸
高糖禁忌	糖尿病宜食	301#604	苹果	54.00	0.20	0.20	13.50	肝,大肠	温	甘,酸
高糖禁忌	糖尿病宜食	301#675	李子	38.00	0.70	0.20	8.70	肝,大肠	温	甘,酸
高糖禁忌	糖尿病宜食	301#720	无花果	65.00	1.50	0.10	16.00	肝,大肠	温	甘,酸
高糖禁忌	糖尿病宜食	301#721	猕猴桃	61.00	0.80	0.60	14.50			
高糖禁忌	糖尿病宜食	301#722	草莓	32.00	1.00	0.20	7.10	肝,大肠	温	甘,酸
高糖禁忌	糖尿病宜食	301#725	橙子	48.00	0.80	0.20	11.10	肝,大肠	温	甘,酸
高糖禁忌	糖尿病宜食	301#737	柚子	42.00	0.80	0.20	9.50	肝,大肠	温	甘,酸
高糖禁忌	糖尿病宜食	301#738	柠檬	37.00	1.10	1.20	6.20	肝,大肠	温	甘,酸
高糖禁忌	糖尿病宜食	301#742	菠萝(凤梨)	44.00	0.50	0.10	10.80	肝,大肠	温	甘,酸
高糖禁忌	糖尿病宜食	301#745	番石榴	53.00	1.10	0.40	14.20	肝,大肠	温	甘,酸
高糖禁忌	糖尿病宜食	301#754	杨桃	31.00	0.60	0.20	7.40	肝,大肠	温	甘,酸
高糖禁忌	糖尿病宜食	301#757	橄榄(白榄)	57.00	0.80	0.20	15.10	肝,大肠	温	甘,酸
高糖禁忌	糖尿病宜食	301#765	木瓜	29.00	0.40	0.10	7.00	肝,大肠	温	甘,酸
高糖禁忌	糖尿病宜食	301#788	核桃(干)(胡桃)	646.00	14.90	58.80	19.10	肝,大肠	温	甘,酸
高糖禁忌	糖尿病宜食	301#831	莲子(干)	350.00	17.20	2.00	67.20	肝,大肠	温	甘,酸
高糖禁忌	糖尿病宜食	301#943	牛肉(肥瘦)	125.00	19.90	4.20	2.00	肝,大肠	温	甘,酸
高糖禁忌	糖尿病宜食	301#1016	驴肉(瘦)	116.00	21.50	3.20	0.40	肝,大肠	温	甘,酸
高糖禁忌	糖尿病宜食	301#1031	鸡	167.00	19.30	9.40	1.30	肝,大肠	温	甘,酸
高糖禁忌	糖尿病宜食	301#1061	鸭	240.00	15.50	19.70	0.20			
高糖禁忌	糖尿病宜食	301#1097	鸽	201.00	16.50	14.20	1.70	肝,大肠	温	甘,酸
高糖禁忌	糖尿病宜食	301#1101	牛奶	54.00	3.00	3.20	3.40	肝,大肠	温	甘,酸
高糖禁忌	糖尿病宜食	301#1179	黄鳝	89.00	18.00	1.40	1.20	肝,大肠	温	甘,酸
高糖禁忌	糖尿病宜食	301#1208	带鱼	127.00	17.70	4.90	3.10	肝,大肠	温	甘,酸
高糖禁忌	糖尿病宜食	301#1313	牡蛎	73.00	5.30	2.10	8.20	肝,大肠	温	甘,酸
高糖禁忌	糖尿病宜食	301#1478	燕麦片	380.00	14.40	9.70	65.30	肝,大肠	温	甘,酸
高糖禁忌	糖尿病宜食	301#1479	燕麦片(果仁，甜)	416.00	8.90	11.10	73.50	肝,大肠	温	甘,酸
高糖禁忌	糖尿病宜食	301#1597	橘子汁	119.00	0.00	0.10	29.60	肝,大肠	温	甘,酸
高糖禁忌	糖尿病宜食	301#1608	山楂果肉饮料	56.00	0.10	0.20	13.90			
高糖禁忌	糖尿病宜食	301#1792	醋	31.00	2.10	0.30	4.90	肝,大肠	温	甘,酸
高糖禁忌	糖尿病宜食	301#58	黑米	341.00	9.40	2.50	72.20			
高糖禁忌	高血压宜食	302#78	玉米(鲜)	112.00	4.00	1.20	22.80	肝,大肠	温	甘,酸
高糖禁忌	高血压宜食	302#102	荞麦	337.00	9.30	2.30	73.00	肝,大肠	温	甘,酸
高糖禁忌	高血压宜食	302#104	薏米[薏苡仁]	361.00	12.80	3.30	71.10			
高糖禁忌	高血压宜食	302#109	马铃薯[土豆]	77.00	2.00	0.20	17.20	肝,大肠	温	甘,酸
高糖禁忌	高血压宜食	302#117	甘薯(白心)	106.00	1.40	0.20	25.20	肝,大肠	温	甘,酸
高糖禁忌	高血压宜食	302#139	黄豆	389.00	35.00	15.90	34.20	肝,大肠	温	甘,酸
高糖禁忌	高血压宜食	302#185	绿豆	329.00	21.60	0.80	62.00	肝,大肠	温	甘,酸
高糖禁忌	高血压宜食	302#268	茄子	23.00	1.10	0.20	4.90	肝,大肠	温	甘,酸
高糖禁忌	高血压宜食	302#272	西红柿	20.00	0.90	0.20	4.00			
高糖禁忌	高血压宜食	302#299	黄瓜	16.00	0.80	0.20	2.90	肝,大肠	温	甘,酸
高糖禁忌	高血压宜食	302#332	洋葱	40.00	1.10	0.20	9.00	肝,大肠	温	甘,酸
高糖禁忌	高血压宜食	302#368	西兰花	36.00	4.10	0.60	4.30	肝,大肠	温	甘,酸
高糖禁忌	高血压宜食	302#391	芹菜(白茎)	17.00	0.80	0.10	3.90	肝,大肠	温	甘,酸
高糖禁忌	高血压宜食	302#547	金针菇	32.00	2.40	0.40	6.00	肝,大肠	温	甘,酸
高糖禁忌	高血压宜食	302#552	黑木耳(干)	265.00	12.10	1.50	65.60	肝,大肠	温	甘,酸
高糖禁忌	高血压宜食	302#556	香菇	26.00	2.20	0.30	5.20	肝,大肠	温	甘,酸
高糖禁忌	高血压宜食	302#594	海带(江白菜)	13.00	1.20	0.10	2.10	肝,大肠	温	甘,酸
高糖禁忌	高血压宜食	302#713	桑椹	57.00	1.70	0.40	13.80	肝,大肠	温	甘,酸
高糖禁忌	高血压宜食	302#737	柚子	42.00	0.80	0.20	9.50	肝,大肠	温	甘,酸
高糖禁忌	高血压宜食	302#752	香蕉	93.00	1.40	0.20	22.00	肝,大肠	温	甘,酸
高糖禁忌	高血压宜食	302#779	西瓜	26.00	0.60	0.10	5.80	肝,大肠	温	甘,酸
高糖禁忌	高血压宜食	302#943	牛肉(肥瘦)	125.00	19.90	4.20	2.00	肝,大肠	温	甘,酸
高糖禁忌	高血压宜食	302#1031	鸡	167.00	19.30	9.40	1.30	肝,大肠	温	甘,酸
高糖禁忌	高血压宜食	302#1061	鸭	240.00	15.50	19.70	0.20	肝,大肠	温	甘,酸
高糖禁忌	高血压宜食	302#1340	海蜇皮	33.00	3.70	0.30	3.80	肝,大肠	温	甘,酸
高糖禁忌	高血压宜食	302#1478	燕麦片	380.00	14.40	9.70	65.30	肝,大肠	温	甘,酸
高糖禁忌	高血压宜食	302#1696	山楂球	371.00	0.50	0.00	92.60	肝,大肠	温	甘,酸
薯类、淀粉及制品	淀粉	022#122	蚕豆淀粉	342.00	0.50	0.00	85.30	肝,大肠	温	甘,酸
薯类、淀粉及制品	淀粉	022#123	豌豆淀粉	342.00	0.60	0.00	85.00	肝,大肠	温	甘,酸
薯类、淀粉及制品	淀粉	022#124	玉米淀粉	346.00	1.20	0.10	85.00	肝,大肠	温	甘,酸
薯类、淀粉及制品	淀粉	022#125	团粉	348.00	1.50	0.00	85.80	肝,大肠	温	甘,酸
薯类、淀粉及制品	淀粉	022#126	藕粉	373.00	0.20	0.00	93.00	肝,大肠	温	甘,酸
薯类、淀粉及制品	淀粉	022#127	桂花藕粉	344.00	0.40	0.10	85.30	肝,大肠	温	甘,酸
薯类、淀粉及制品	淀粉	022#128	魔芋精粉	186.00	4.60	0.10	78.80	肝,大肠	温	甘,酸
薯类、淀粉及制品	淀粉	022#129	淀粉(小麦)	349.00	0.20	0.50	86.00			
薯类、淀粉及制品	淀粉	022#130	淀粉(大米)	364.00	0.20	0.70	89.30	肝,大肠	温	甘,酸
薯类、淀粉及制品	淀粉	022#133	煎炸粉	355.00	12.10	1.40	73.60	肝,大肠	温	甘,酸
薯类、淀粉及制品	淀粉	022#134	粉丝	338.00	0.80	0.20	83.70	肝,大肠	温	甘,酸
薯类、淀粉及制品	淀粉	022#135	豌豆粉丝	368.00	0.40	0.00	91.70	肝,大肠	温	甘,酸
薯类、淀粉及制品	淀粉	022#136	粉条	339.00	0.50	0.10	84.20	肝,大肠	温	甘,酸
干豆类及制品	绿豆	032#185	绿豆	329.00	21.60	0.80	62.00	肝,大肠	温	甘,酸
干豆类及制品	绿豆	032#186	绿豆面	341.00	20.80	0.70	65.80	肝,大肠	温	甘,酸
干豆类及制品	绿豆	032#187	绿豆饼	122.00	15.20	1.20	12.70	肝,大肠	温	甘,酸
干豆类及制品	蚕豆	035#199	蚕豆(干)	338.00	21.60	1.00	61.50	肝,大肠	温	甘,酸
干豆类及制品	蚕豆	035#200	蚕豆(带皮)	326.00	24.60	1.10	59.90	肝,大肠	温	甘,酸
干豆类及制品	蚕豆	035#202	马牙大豆	187.00	27.20	0.90	59.40	肝,大肠	温	甘,酸
干豆类及制品	蚕豆	035#203	脑豆	363.00	23.40	3.80	59.60	肝,大肠	温	甘,酸
干豆类及制品	蚕豆	035#204	蚕豆(烤)	377.00	27.00	2.00	63.80	肝,大肠	温	甘,酸
干豆类及制品	蚕豆	035#205	蚕豆(炸)	447.00	26.70	20.00	40.40			
干豆类及制品	蚕豆	035#206	蚕豆(煮)	57.00	4.80	0.50	10.10	肝,大肠	温	甘,酸
干豆类及制品	其他	039#207	扁豆(干豆)	339.00	25.30	0.40	61.90	肝,大肠	温	甘,酸
干豆类及制品	其他	039#208	扁豆(白)	283.00	19.00	1.30	55.60	肝,大肠	温	甘,酸
干豆类及制品	其他	039#209	眉豆	334.00	18.60	1.10	65.60	肝,大肠	温	甘,酸
干豆类及制品	其他	039#210	豇豆(干豆)	336.00	19.30	1.20	65.60	肝,大肠	温	甘,酸
干豆类及制品	其他	039#211	豇豆(紫，干豆)	329.00	18.90	0.40	65.80	肝,大肠	温	甘,酸
干豆类及制品	其他	039#212	豇豆(煮)	139.00	9.50	0.60	24.00	肝,大肠	温	甘,酸
干豆类及制品	其他	039#213	豌豆(干豆类)	334.00	20.30	1.10	65.80	肝,大肠	温	甘,酸
干豆类及制品	其他	039#214	豌豆	336.00	21.60	1.00	63.60	肝,大肠	温	甘,酸
干豆类及制品	其他	039#215	豌豆(煮)	115.00	8.90	0.30	19.20	肝,大肠	温	甘,酸
干豆类及制品	其他	039#216	鹰嘴豆	363.00	21.20	4.20	60.10	肝,大肠	温	甘,酸
干豆类及制品	其他	039#217	荆豆	407.00	43.60	14.30	28.50	肝,大肠	温	甘,酸
干豆类及制品	其他	039#218	木豆	348.00	19.80	4.50	58.80	肝,大肠	温	甘,酸
蔬菜类及制品	根菜类	041#219	白萝卜	23.00	0.90	0.10	5.00	肝,大肠	温	甘,酸
蔬菜类及制品	根菜类	041#220	红旦旦萝卜	19.00	0.80	0.00	4.30	肝,大肠	温	甘,酸
蔬菜类及制品	根菜类	041#221	红萝卜	22.00	1.00	0.10	4.60	肝,大肠	温	甘,酸
蔬菜类及制品	根菜类	041#222	红心萝卜	41.00	1.20	0.00	9.80	肝,大肠	温	甘,酸
蔬菜类及制品	根菜类	041#223	花叶萝卜	48.00	1.20	0.10	11.50	肝,大肠	温	甘,酸
蔬菜类及制品	根菜类	041#224	水萝卜	22.00	0.80	0.00	5.50	肝,大肠	温	甘,酸
蔬菜类及制品	根菜类	041#225	小水萝卜	21.00	1.10	0.20	4.20	肝,大肠	温	甘,酸
蔬菜类及制品	根菜类	041#226	心里美萝卜	23.00	0.80	0.20	4.90	肝,大肠	温	甘,酸
蔬菜类及制品	根菜类	041#228	白萝卜(圆)	16.00	0.70	0.20	3.60	肝,大肠	温	甘,酸
蔬菜类及制品	根菜类	041#229	青萝卜	29.00	1.30	0.20	6.80	肝,大肠	温	甘,酸
蔬菜类及制品	根菜类	041#230	变萝卜	18.00	0.80	0.10	4.20	肝,大肠	温	甘,酸
蔬菜类及制品	根菜类	041#231	樱桃萝卜	13.00	0.90	0.10	3.00			
蔬菜类及制品	根菜类	041#232	胡萝卜	39.00	1.00	0.20	8.80	肝,大肠	温	甘,酸
蔬菜类及制品	根菜类	041#233	胡萝卜(黄)	46.00	1.40	0.20	10.20	肝,大肠	温	甘,酸
蔬菜类及制品	根菜类	041#234	胡萝卜(脱水)	333.00	4.20	1.90	77.90	肝,大肠	温	甘,酸
蔬菜类及制品	根菜类	041#236	芥菜头	36.00	1.90	0.20	7.40	肝,大肠	温	甘,酸
蔬菜类及制品	根菜类	041#237	苤蓝	32.00	1.30	0.20	7.00	肝,大肠	温	甘,酸
蔬菜类及制品	根菜类	041#238	甜菜根	87.00	1.00	0.10	23.50	肝,大肠	温	甘,酸
蔬菜类及制品	根菜类	041#239	根芹	38.00	2.20	0.10	10.00	肝,大肠	温	甘,酸
蔬菜类及制品	根菜类	041#240	紫菜头	42.00	1.80	0.20	10.60	肝,大肠	温	甘,酸
蔬菜类及制品	鲜豆类和豆苗类	042#241	扁豆(鲜豆)	41.00	2.70	0.20	8.20	肝,大肠	温	甘,酸
蔬菜类及制品	鲜豆类和豆苗类	042#243	刀豆	40.00	3.10	0.30	7.00	肝,大肠	温	甘,酸
蔬菜类及制品	鲜豆类和豆苗类	042#244	豆角	34.00	2.50	0.20	6.70	肝,大肠	温	甘,酸
蔬菜类及制品	鲜豆类和豆苗类	042#245	白豆角	35.00	2.20	0.20	7.40	肝,大肠	温	甘,酸
蔬菜类及制品	鲜豆类和豆苗类	042#246	荷兰豆	30.00	2.50	0.30	4.90	肝,大肠	温	甘,酸
蔬菜类及制品	鲜豆类和豆苗类	042#247	龙豆	36.00	3.70	0.50	5.00	肝,大肠	温	甘,酸
蔬菜类及制品	鲜豆类和豆苗类	042#248	龙牙豆	19.00	2.60	0.20	2.40	肝,大肠	温	甘,酸
蔬菜类及制品	鲜豆类和豆苗类	042#249	毛豆	131.00	13.10	5.00	10.50	肝,大肠	温	甘,酸
蔬菜类及制品	鲜豆类和豆苗类	042#250	四季豆	31.00	2.00	0.40	5.70	肝,大肠	温	甘,酸
蔬菜类及制品	鲜豆类和豆苗类	042#251	豌豆(带荚)	111.00	7.40	0.30	21.20	肝,大肠	温	甘,酸
蔬菜类及制品	鲜豆类和豆苗类	042#252	豌豆尖	225.00	3.10	0.00	53.90			
蔬菜类及制品	鲜豆类和豆苗类	042#253	油豆角	25.00	2.40	0.30	3.90	肝,大肠	温	甘,酸
蔬菜类及制品	鲜豆类和豆苗类	042#254	垅船豆	36.00	2.00	0.40	6.80	肝,大肠	温	甘,酸
蔬菜类及制品	鲜豆类和豆苗类	042#256	豇豆(长)	32.00	2.70	0.20	5.80	肝,大肠	温	甘,酸
蔬菜类及制品	鲜豆类和豆苗类	042#260	四棱豆	19.00	2.00	0.20	4.20	肝,大肠	温	甘,酸
蔬菜类及制品	鲜豆类和豆苗类	042#261	甜脆荷兰豆	32.00	3.00	0.30	8.10	肝,大肠	温	甘,酸
蔬菜类及制品	鲜豆类和豆苗类	042#262	发芽豆	131.00	12.40	0.70	19.40	肝,大肠	温	甘,酸
蔬菜类及制品	鲜豆类和豆苗类	042#263	绿豆芽	19.00	2.10	0.10	2.90	肝,大肠	温	甘,酸
蔬菜类及制品	鲜豆类和豆苗类	042#264	黄豆芽	47.00	4.50	1.60	4.50	肝,大肠	温	甘,酸
蔬菜类及制品	鲜豆类和豆苗类	042#266	黑豆苗	30.00	4.40	0.80	2.60	肝,大肠	温	甘,酸
蔬菜类及制品	鲜豆类和豆苗类	042#267	豌豆苗	38.00	4.00	0.80	4.60	肝,大肠	温	甘,酸
蔬菜类及制品	茄果、瓜菜类	043#268	茄子	23.00	1.10	0.20	4.90	肝,大肠	温	甘,酸
蔬菜类及制品	茄果、瓜菜类	043#269	茄子(绿皮)	28.00	1.00	0.60	5.20	肝,大肠	温	甘,酸
蔬菜类及制品	茄果、瓜菜类	043#270	茄子(圆)	32.00	1.60	0.20	6.70	肝,大肠	温	甘,酸
蔬菜类及制品	茄果、瓜菜类	043#271	茄子(紫皮，长)	23.00	1.00	0.10	5.40	肝,大肠	温	甘,酸
蔬菜类及制品	茄果、瓜菜类	043#272	西红柿	20.00	0.90	0.20	4.00	肝,大肠	温	甘,酸
蔬菜类及制品	茄果、瓜菜类	043#274	奶柿子	15.00	0.60	0.10	3.20	肝,大肠	温	甘,酸
蔬菜类及制品	茄果、瓜菜类	043#275	辣椒(红，尖，干)	295.00	15.00	12.00	52.70	肝,大肠	温	甘,酸
蔬菜类及制品	茄果、瓜菜类	043#277	青椒	27.00	1.40	0.30	5.80	肝,大肠	温	甘,酸
蔬菜类及制品	茄果、瓜菜类	043#279	甜椒(脱水)	324.00	7.60	0.40	76.60	肝,大肠	温	甘,酸
蔬菜类及制品	茄果、瓜菜类	043#280	葫子	29.00	0.70	0.10	6.80	肝,大肠	温	甘,酸
蔬菜类及制品	茄果、瓜菜类	043#281	茄子(白皮，长)	21.00	1.30	0.10	5.50	肝,大肠	温	甘,酸
蔬菜类及制品	茄果、瓜菜类	043#282	茄子(紫皮，圆)	23.00	0.80	0.20	5.30	肝,大肠	温	甘,酸
蔬菜类及制品	茄果、瓜菜类	043#283	香瓜茄	21.00	0.60	0.00	5.50	肝,大肠	温	甘,酸
蔬菜类及制品	茄果、瓜菜类	043#285	小西红柿	25.00	1.00	0.20	5.80	肝,大肠	温	甘,酸
蔬菜类及制品	茄果、瓜菜类	043#286	辣椒(小红尖辣椒)	62.00	4.10	0.40	17.70			
蔬菜类及制品	茄果、瓜菜类	043#287	辣椒(小红尖辣椒，干)	298.00	15.40	12.00	57.40	肝,大肠	温	甘,酸
蔬菜类及制品	茄果、瓜菜类	043#289	甜椒	25.00	1.00	0.20	5.40	肝,大肠	温	甘,酸
蔬菜类及制品	茄果、瓜菜类	043#290	彩椒	26.00	1.30	0.20	6.40	肝,大肠	温	甘,酸
蔬菜类及制品	茄果、瓜菜类	043#291	秋葵	25.00	1.80	0.20	6.20	肝,大肠	温	甘,酸
蔬菜类及制品	茄果、瓜菜类	043#292	白瓜	12.00	0.90	0.00	2.60	肝,大肠	温	甘,酸
蔬菜类及制品	茄果、瓜菜类	043#293	菜瓜	19.00	0.60	0.20	3.90	肝,大肠	温	甘,酸
蔬菜类及制品	茄果、瓜菜类	043#295	方瓜	14.00	0.80	0.00	3.10	肝,大肠	温	甘,酸
蔬菜类及制品	茄果、瓜菜类	043#296	佛手瓜	19.00	1.20	0.10	3.80	肝,大肠	温	甘,酸
蔬菜类及制品	茄果、瓜菜类	043#297	葫芦	16.00	0.70	0.10	3.50	肝,大肠	温	甘,酸
蔬菜类及制品	茄果、瓜菜类	043#298	葫芦条(干)	256.00	4.30	1.80	64.60	肝,大肠	温	甘,酸
蔬菜类及制品	茄果、瓜菜类	043#299	黄瓜	16.00	0.80	0.20	2.90	肝,大肠	温	甘,酸
蔬菜类及制品	茄果、瓜菜类	043#300	节瓜(毛瓜)	15.00	0.60	0.10	3.40			
蔬菜类及制品	茄果、瓜菜类	043#301	金瓜	15.00	0.50	0.10	3.40	肝,大肠	温	甘,酸
蔬菜类及制品	茄果、瓜菜类	043#302	金丝瓜	38.00	3.30	2.00	2.20	肝,大肠	温	甘,酸
蔬菜类及制品	茄果、瓜菜类	043#303	苦瓜	22.00	1.00	0.10	4.90	肝,大肠	温	甘,酸
蔬菜类及制品	茄果、瓜菜类	043#304	南瓜	23.00	0.70	0.10	5.30	肝,大肠	温	甘,酸
蔬菜类及制品	茄果、瓜菜类	043#305	南瓜粉	343.00	7.10	2.10	79.60	肝,大肠	温	甘,酸
蔬菜类及制品	茄果、瓜菜类	043#306	蛇瓜	19.00	1.50	0.10	3.90	肝,大肠	温	甘,酸
蔬菜类及制品	茄果、瓜菜类	043#307	笋瓜	13.00	0.50	0.00	3.10	肝,大肠	温	甘,酸
蔬菜类及制品	茄果、瓜菜类	043#308	西葫芦	19.00	0.80	0.20	3.80	肝,大肠	温	甘,酸
蔬菜类及制品	茄果、瓜菜类	043#309	面西胡瓜	10.00	0.80	0.00	1.80	肝,大肠	温	甘,酸
蔬菜类及制品	茄果、瓜菜类	043#310	小西胡瓜	22.00	0.70	0.00	4.80	肝,大肠	温	甘,酸
蔬菜类及制品	茄果、瓜菜类	043#311	冬瓜	12.00	0.40	0.20	2.60			
蔬菜类及制品	茄果、瓜菜类	043#312	飞碟瓜	18.00	1.00	0.10	4.40	肝,大肠	温	甘,酸
蔬菜类及制品	茄果、瓜菜类	043#313	黄金西葫芦	17.00	1.80	0.10	3.60	肝,大肠	温	甘,酸
蔬菜类及制品	茄果、瓜菜类	043#314	黄茎瓜	21.00	1.20	0.90	2.00	肝,大肠	温	甘,酸
蔬菜类及制品	茄果、瓜菜类	043#315	迷你黄瓜	14.00	1.00	0.20	2.50	肝,大肠	温	甘,酸
蔬菜类及制品	茄果、瓜菜类	043#316	秋黄瓜	14.00	0.90	0.20	2.50	肝,大肠	温	甘,酸
蔬菜类及制品	茄果、瓜菜类	043#317	南瓜(栗面)	36.00	1.40	0.10	8.80	肝,大肠	温	甘,酸
蔬菜类及制品	茄果、瓜菜类	043#318	丝瓜	21.00	1.00	0.20	4.20	肝,大肠	温	甘,酸
蔬菜类及制品	葱蒜类	044#319	大蒜(蒜头)	128.00	4.50	0.20	27.60	肝,大肠	温	甘,酸
蔬菜类及制品	葱蒜类	044#320	大蒜(脱水)	348.00	13.20	0.30	75.40			
蔬菜类及制品	葱蒜类	044#321	大蒜(紫皮)	139.00	5.20	0.20	29.60	肝,大肠	温	甘,酸
蔬菜类及制品	葱蒜类	044#322	青蒜	34.00	2.40	0.30	6.20	肝,大肠	温	甘,酸
蔬菜类及制品	葱蒜类	044#323	蒜黄	24.00	2.50	0.20	3.80	肝,大肠	温	甘,酸
蔬菜类及制品	葱蒜类	044#324	蒜苗	40.00	2.10	0.40	8.00	肝,大肠	温	甘,酸
蔬菜类及制品	葱蒜类	044#325	蒜薹	66.00	2.00	0.10	15.40	肝,大肠	温	甘,酸
蔬菜类及制品	葱蒜类	044#327	大葱(红皮)	49.00	2.40	0.10	10.20	肝,大肠	温	甘,酸
蔬菜类及制品	葱蒜类	044#328	分葱	34.00	2.20	0.70	5.10	肝,大肠	温	甘,酸
蔬菜类及制品	葱蒜类	044#329	小葱	27.00	1.60	0.40	4.90	肝,大肠	温	甘,酸
蔬菜类及制品	葱蒜类	044#330	大葱	33.00	1.70	0.30	6.50	肝,大肠	温	甘,酸
蔬菜类及制品	葱蒜类	044#331	细香葱	28.00	1.40	0.30	6.60	肝,大肠	温	甘,酸
蔬菜类及制品	葱蒜类	044#332	洋葱	40.00	1.10	0.20	9.00	肝,大肠	温	甘,酸
蔬菜类及制品	葱蒜类	044#333	洋葱(白皮，脱水)	342.00	5.50	0.40	81.90	肝,大肠	温	甘,酸
蔬菜类及制品	葱蒜类	044#334	洋葱(紫皮，脱水)	339.00	6.90	0.40	80.60	肝,大肠	温	甘,酸
蔬菜类及制品	葱蒜类	044#335	韭菜	29.00	2.40	0.40	4.60	肝,大肠	温	甘,酸
蔬菜类及制品	葱蒜类	044#340	薤白	124.00	3.40	0.40	27.10	肝,大肠	温	甘,酸
蔬菜类及制品	水生蔬菜类	046#437	慈菇	97.00	4.60	0.20	19.90	肝,大肠	温	甘,酸
蔬菜类及制品	水生蔬菜类	046#438	豆瓣菜	20.00	2.90	0.50	1.50	肝,大肠	温	甘,酸
蔬菜类及制品	水生蔬菜类	046#439	菱角(老)	101.00	4.50	0.10	21.40	肝,大肠	温	甘,酸
蔬菜类及制品	水生蔬菜类	046#440	蒲菜	14.00	1.20	0.10	2.40	肝,大肠	温	甘,酸
蔬菜类及制品	水生蔬菜类	046#441	水芹菜	13.00	1.40	0.20	1.80	肝,大肠	温	甘,酸
蔬菜类及制品	水生蔬菜类	046#442	茭白	26.00	1.20	0.20	5.90	肝,大肠	温	甘,酸
蔬菜类及制品	水生蔬菜类	046#443	荸荠	61.00	1.20	0.20	14.20	肝,大肠	温	甘,酸
蔬菜类及制品	水生蔬菜类	046#444	莼菜(瓶装)	21.00	1.40	0.10	3.80	肝,大肠	温	甘,酸
蔬菜类及制品	水生蔬菜类	046#445	莲藕	51.00	1.90	0.20	16.40	肝,大肠	温	甘,酸
菌藻类	藻类	052#593	发菜(干)(仙菜)	259.00	20.20	0.50	60.80	肝,大肠	温	甘,酸
菌藻类	藻类	052#594	海带(江白菜)	13.00	1.20	0.10	2.10	肝,大肠	温	甘,酸
菌藻类	藻类	052#595	海带(干)(江白菜，昆布)	90.00	1.80	0.10	23.40	肝,大肠	温	甘,酸
菌藻类	藻类	052#596	海带(浸)(江白菜，昆布)	16.00	1.10	0.10	3.00	肝,大肠	温	甘,酸
菌藻类	藻类	052#597	海冻菜(石花菜，冻菜)	314.00	5.40	0.10	72.90	肝,大肠	温	甘,酸
菌藻类	藻类	052#598	琼脂(紫菜胶洋粉)	311.00	1.10	0.20	76.30	肝,大肠	温	甘,酸
菌藻类	藻类	052#599	苔菜(干)(苔条，条浒苔)	167.00	19.00	0.40	26.30	肝,大肠	温	甘,酸
菌藻类	藻类	052#600	紫菜(干)	250.00	26.70	1.10	44.10	肝,大肠	温	甘,酸
菌藻类	藻类	052#601	螺旋藻(干)	360.00	64.70	3.10	18.20			
菌藻类	藻类	052#602	裙带菜(干)(海芥菜、海木耳)	200.00	25.00	1.70	41.50	肝,大肠	温	甘,酸
水果类及制品	仁果类	061#604	苹果	54.00	0.20	0.20	13.50	肝,大肠	温	甘,酸
水果类及制品	仁果类	061#605	伏苹果	48.00	0.50	0.10	11.80	肝,大肠	温	甘,酸
水果类及制品	仁果类	061#606	国光苹果	56.00	0.30	0.30	13.30	肝,大肠	温	甘,酸
水果类及制品	仁果类	061#607	旱苹果	34.00	0.40	0.20	8.40	肝,大肠	温	甘,酸
水果类及制品	仁果类	061#608	红富士苹果	49.00	0.70	0.40	11.70	肝,大肠	温	甘,酸
水果类及制品	仁果类	061#609	红香蕉苹果	51.00	0.40	0.20	12.30	肝,大肠	温	甘,酸
水果类及制品	仁果类	061#610	红星苹果	58.00	0.40	0.10	14.30	肝,大肠	温	甘,酸
水果类及制品	仁果类	061#611	红玉苹果	52.00	0.20	0.20	14.70	肝,大肠	温	甘,酸
水果类及制品	仁果类	061#612	红元帅苹果	60.00	0.20	0.40	14.30	肝,大肠	温	甘,酸
水果类及制品	仁果类	061#613	黄香蕉苹果	53.00	0.30	0.20	13.70	肝,大肠	温	甘,酸
水果类及制品	仁果类	061#614	黄元帅苹果	59.00	0.20	0.30	14.70	肝,大肠	温	甘,酸
水果类及制品	仁果类	061#615	金元帅苹果	53.00	0.20	0.10	13.30	肝,大肠	温	甘,酸
水果类及制品	仁果类	061#616	青香蕉苹果	52.00	0.30	0.10	13.10	肝,大肠	温	甘,酸
水果类及制品	仁果类	061#617	秋里蒙苹果	43.00	0.20	0.20	11.90	肝,大肠	温	甘,酸
水果类及制品	仁果类	061#618	香玉苹果	62.00	0.50	0.10	15.70	肝,大肠	温	甘,酸
水果类及制品	仁果类	061#619	印度苹果	54.00	0.60	0.20	14.80	肝,大肠	温	甘,酸
水果类及制品	仁果类	061#620	祝光苹果	50.00	0.40	0.10	12.50	肝,大肠	温	甘,酸
水果类及制品	仁果类	061#621	倭锦苹果	54.00	0.20	0.20	13.60	肝,大肠	温	甘,酸
水果类及制品	仁果类	061#622	苹果(罐头)	41.00	0.20	0.20	10.30			
水果类及制品	仁果类	061#623	梨	50.00	0.40	0.20	13.30	肝,大肠	温	甘,酸
水果类及制品	仁果类	061#624	巴梨	51.00	0.40	0.20	12.90	肝,大肠	温	甘,酸
水果类及制品	仁果类	061#625	长把梨	62.00	0.80	0.80	14.90	肝,大肠	温	甘,酸
水果类及制品	仁果类	061#626	冬果梨	46.00	0.40	0.20	12.80	肝,大肠	温	甘,酸
水果类及制品	仁果类	061#627	鹅黄梨	41.00	0.30	0.10	10.70	肝,大肠	温	甘,酸
水果类及制品	仁果类	061#628	红肖梨	36.00	0.20	0.00	10.50			
水果类及制品	仁果类	061#629	锦丰梨	51.00	0.20	0.10	13.90	肝,大肠	温	甘,酸
水果类及制品	仁果类	061#630	京白梨	57.00	0.20	0.50	13.70	肝,大肠	温	甘,酸
水果类及制品	仁果类	061#631	库尔勒梨	42.00	0.10	0.10	13.40			
水果类及制品	仁果类	061#632	莱阳梨	54.00	0.30	0.20	14.10			
水果类及制品	仁果类	061#633	马蹄黄梨	50.00	0.30	0.10	12.50	肝,大肠	温	甘,酸
水果类及制品	仁果类	061#634	明月梨	54.00	0.30	0.20	13.30	肝,大肠	温	甘,酸
水果类及制品	仁果类	061#635	木梨	32.00	0.40	0.10	8.20	肝,大肠	温	甘,酸
水果类及制品	仁果类	061#636	苹果梨	53.00	0.20	0.10	13.90	肝,大肠	温	甘,酸
水果类及制品	仁果类	061#637	软梨	32.00	0.40	0.20	11.70	肝,大肠	温	甘,酸
水果类及制品	仁果类	061#638	苏梅梨	77.00	1.20	0.20	20.50			
水果类及制品	仁果类	061#639	苏木梨	53.00	0.60	0.30	13.10			
水果类及制品	仁果类	061#640	酥梨	45.00	0.30	0.10	11.40	肝,大肠	温	甘,酸
水果类及制品	仁果类	061#641	酸梨	33.00	0.10	0.10	9.80	肝,大肠	温	甘,酸
水果类及制品	仁果类	061#642	香梨	51.00	0.30	0.10	13.60	肝,大肠	温	甘,酸
水果类及制品	仁果类	061#643	雪花梨	43.00	0.20	0.10	10.60	肝,大肠	温	甘,酸
水果类及制品	仁果类	061#644	雪梨	79.00	0.90	0.10	20.20	肝,大肠	温	甘,酸
水果类及制品	仁果类	061#645	鸭广梨	60.00	0.60	0.20	16.50	肝,大肠	温	甘,酸
水果类及制品	仁果类	061#646	鸭梨	45.00	0.20	0.20	11.10	肝,大肠	温	甘,酸
水果类及制品	仁果类	061#647	旱酥梨	50.00	0.20	0.20	13.60	肝,大肠	温	甘,酸
水果类及制品	仁果类	061#648	紫酥梨	51.00	0.30	0.10	13.30	肝,大肠	温	甘,酸
水果类及制品	仁果类	061#649	鳄梨	171.00	2.00	15.30	7.40	肝,大肠	温	甘,酸
水果类及制品	仁果类	061#650	冬果梨(罐头)	56.00	0.30	0.00	15.90			
水果类及制品	仁果类	061#651	梨(糖水罐头)	36.00	0.50	0.20	8.80	肝,大肠	温	甘,酸
水果类及制品	仁果类	061#652	红果	102.00	0.50	0.60	25.10	肝,大肠	温	甘,酸
水果类及制品	仁果类	061#653	红果(干)	251.00	4.30	2.20	78.40	肝,大肠	温	甘,酸
水果类及制品	仁果类	061#654	海棠果(揪子)	76.00	0.30	0.20	19.20	肝,大肠	温	甘,酸
水果类及制品	仁果类	061#655	海棠(罐头)	56.00	0.50	0.20	13.60	肝,大肠	温	甘,酸
水果类及制品	仁果类	061#656	沙果	70.00	0.40	0.10	17.80	肝,大肠	温	甘,酸
水果类及制品	仁果类	061#657	吊蛋	65.00	0.80	0.40	16.80	肝,大肠	温	甘,酸
水果类及制品	仁果类	061#658	面蛋	91.00	1.60	0.50	21.70			
水果类及制品	仁果类	061#659	酸刺	112.00	2.80	0.30	25.50	肝,大肠	温	甘,酸
水果类及制品	仁果类	061#660	蛇果	59.00	0.10	0.20	14.90	肝,大肠	温	甘,酸
水果类及制品	核果类	062#661	桃子	51.00	0.90	0.10	12.20	肝,大肠	温	甘,酸
水果类及制品	核果类	062#662	白粉桃	26.00	1.30	0.10	5.50	肝,大肠	温	甘,酸
水果类及制品	核果类	062#663	高山白桃	42.00	0.70	0.20	10.10	肝,大肠	温	甘,酸
水果类及制品	核果类	062#664	旱久保桃	48.00	0.90	0.10	11.30	肝,大肠	温	甘,酸
水果类及制品	核果类	062#665	黄桃	57.00	0.50	0.10	14.00	肝,大肠	温	甘,酸
水果类及制品	核果类	062#666	金红桃	28.00	0.70	0.10	6.60	肝,大肠	温	甘,酸
水果类及制品	核果类	062#667	久保桃	42.00	0.60	0.10	10.00	肝,大肠	温	甘,酸
水果类及制品	核果类	062#668	蒲桃	39.00	0.50	0.20	10.20	肝,大肠	温	甘,酸
水果类及制品	核果类	062#669	庆丰桃	42.00	0.60	0.10	10.10	肝,大肠	温	甘,酸
水果类及制品	核果类	062#670	晚桃(黄)	41.00	0.70	0.20	9.60	肝,大肠	温	甘,酸
水果类及制品	核果类	062#671	五月鲜桃	41.00	0.40	0.10	10.00	肝,大肠	温	甘,酸
水果类及制品	核果类	062#672	早桃(黄)	41.00	0.40	0.10	10.10	肝,大肠	温	甘,酸
水果类及制品	核果类	062#673	蜜桃	43.00	0.90	0.20	9.80	肝,大肠	温	甘,酸
水果类及制品	核果类	062#674	桃(糖水罐头)	60.00	0.30	0.20	14.50	肝,大肠	温	甘,酸
水果类及制品	核果类	062#675	李子	38.00	0.70	0.20	8.70	肝,大肠	温	甘,酸
水果类及制品	核果类	062#676	李子杏	37.00	1.00	0.10	8.60	肝,大肠	温	甘,酸
水果类及制品	核果类	062#677	梅(青梅)	35.00	0.90	0.90	6.20	肝,大肠	温	甘,酸
水果类及制品	核果类	062#678	杏子	38.00	0.90	0.10	9.10	肝,大肠	温	甘,酸
水果类及制品	核果类	062#679	杏(罐头)	40.00	0.60	0.20	9.70	肝,大肠	温	甘,酸
水果类及制品	核果类	062#680	杏干	338.00	2.70	0.40	83.20	肝,大肠	温	甘,酸
水果类及制品	核果类	062#681	布朗	44.00	0.60	0.20	10.70	肝,大肠	温	甘,酸
水果类及制品	核果类	062#682	西梅	42.00	0.70	0.10	10.30	肝,大肠	温	甘,酸
水果类及制品	核果类	062#683	枣(鲜)	125.00	1.10	0.30	30.50	肝,大肠	温	甘,酸
水果类及制品	核果类	062#685	大枣(干)	317.00	2.10	0.40	81.10	肝,大肠	温	甘,酸
水果类及制品	核果类	062#686	金丝小枣	308.00	1.20	1.10	76.70	肝,大肠	温	甘,酸
水果类及制品	核果类	062#687	乐陵枣	233.00	3.30	0.60	57.90	肝,大肠	温	甘,酸
水果类及制品	核果类	062#688	密云小枣	229.00	3.90	0.80	55.20	肝,大肠	温	甘,酸
水果类及制品	核果类	062#689	黑枣(无核)	234.00	1.70	0.30	57.30	肝,大肠	温	甘,酸
水果类及制品	核果类	062#690	黑枣(有核)	247.00	3.70	0.50	61.40	肝,大肠	温	甘,酸
水果类及制品	核果类	062#691	酒枣	148.00	1.60	0.20	35.70	肝,大肠	温	甘,酸
水果类及制品	核果类	062#692	蜜枣	335.00	1.30	0.20	84.80	肝,大肠	温	甘,酸
水果类及制品	核果类	062#693	冬枣	113.00	1.80	0.20	27.80			
水果类及制品	核果类	062#694	小枣(干)	275.00	2.70	0.70	66.80	肝,大肠	温	甘,酸
水果类及制品	核果类	062#695	酸枣	300.00	3.50	1.50	73.30	肝,大肠	温	甘,酸
水果类及制品	核果类	062#696	樱桃	46.00	1.10	0.20	10.20	肝,大肠	温	甘,酸
水果类及制品	核果类	062#697	樱桃(野，白刺)	304.00	11.40	3.90	59.80	肝,大肠	温	甘,酸
水果类及制品	浆果类	063#698	葡萄	44.00	0.50	0.20	10.30	肝,大肠	温	甘,酸
水果类及制品	浆果类	063#699	红玫瑰葡萄	42.00	0.40	0.20	10.70	肝,大肠	温	甘,酸
水果类及制品	浆果类	063#700	巨峰葡萄	51.00	0.40	0.20	12.00	肝,大肠	温	甘,酸
水果类及制品	浆果类	063#701	马奶子葡萄	41.00	0.50	0.40	9.10	肝,大肠	温	甘,酸
水果类及制品	浆果类	063#702	玫瑰香葡萄	52.00	0.40	0.40	12.10	肝,大肠	温	甘,酸
水果类及制品	浆果类	063#703	紫葡萄	45.00	0.70	0.30	10.30	肝,大肠	温	甘,酸
水果类及制品	浆果类	063#704	葡萄干	344.00	2.50	0.40	83.40	肝,大肠	温	甘,酸
水果类及制品	浆果类	063#705	石榴	73.00	1.40	0.20	18.70	肝,大肠	温	甘,酸
水果类及制品	浆果类	063#706	红粉皮石榴	74.00	1.30	0.10	19.40	肝,大肠	温	甘,酸
水果类及制品	浆果类	063#707	玛瑙石榴	72.00	1.60	0.20	18.40	肝,大肠	温	甘,酸
水果类及制品	浆果类	063#708	青皮石榴	71.00	1.20	0.20	18.50	肝,大肠	温	甘,酸
水果类及制品	浆果类	063#709	柿子	74.00	0.40	0.10	18.50	肝,大肠	温	甘,酸
水果类及制品	浆果类	063#710	荷柿	65.00	0.60	0.20	17.10			
水果类及制品	浆果类	063#711	磨盘柿	79.00	0.70	0.10	19.60	肝,大肠	温	甘,酸
水果类及制品	浆果类	063#712	柿饼	255.00	1.80	0.20	62.80	肝,大肠	温	甘,酸
水果类及制品	浆果类	063#713	桑椹	57.00	1.70	0.40	13.80	肝,大肠	温	甘,酸
水果类及制品	浆果类	063#714	桑椹(白)	60.00	1.80	0.30	14.90	肝,大肠	温	甘,酸
水果类及制品	浆果类	063#715	桑椹(红)	55.00	1.60	0.40	12.90	肝,大肠	温	甘,酸
水果类及制品	浆果类	063#716	桑椹(干)	298.00	21.10	6.10	54.20	肝,大肠	温	甘,酸
水果类及制品	浆果类	063#717	醋栗	46.00	0.90	0.60	10.20	肝,大肠	温	甘,酸
水果类及制品	浆果类	063#718	黑醋栗	66.00	1.40	0.40	15.40	肝,大肠	温	甘,酸
水果类及制品	浆果类	063#719	沙棘	120.00	0.90	1.80	25.50	肝,大肠	温	甘,酸
水果类及制品	浆果类	063#720	无花果	65.00	1.50	0.10	16.00	肝,大肠	温	甘,酸
水果类及制品	浆果类	063#721	猕猴桃	61.00	0.80	0.60	14.50	肝,大肠	温	甘,酸
水果类及制品	浆果类	063#722	草莓	32.00	1.00	0.20	7.10	肝,大肠	温	甘,酸
水果类及制品	浆果类	063#723	红提子葡萄	54.00	0.40	0.20	13.10	肝,大肠	温	甘,酸
水果类及制品	浆果类	063#724	无花果(干)	338.00	3.60	4.30	77.80	肝,大肠	温	甘,酸
水果类及制品	柑橘类	064#725	橙子	48.00	0.80	0.20	11.10	肝,大肠	温	甘,酸
水果类及制品	柑橘类	064#726	橘[桔子]	51.00	0.70	0.20	11.90	肝,大肠	温	甘,酸
水果类及制品	柑橘类	064#727	福橘[桔子]	46.00	1.00	0.20	10.30	肝,大肠	温	甘,酸
水果类及制品	柑橘类	064#728	橘柑子(宽皮桂)	44.00	0.80	0.10	10.20	肝,大肠	温	甘,酸
水果类及制品	柑橘类	064#729	金橘(金枣)	58.00	1.00	0.20	13.70	肝,大肠	温	甘,酸
水果类及制品	柑橘类	064#730	芦柑	44.00	0.60	0.20	10.30	肝,大肠	温	甘,酸
水果类及制品	柑橘类	064#731	蜜橘	45.00	0.80	0.40	10.30	肝,大肠	温	甘,酸
水果类及制品	柑橘类	064#732	三湖红橘[桔子]	43.00	0.80	0.30	10.00			
水果类及制品	柑橘类	064#733	四川红橘[桔子]	42.00	0.70	0.10	9.80	肝,大肠	温	甘,酸
水果类及制品	柑橘类	064#734	小叶橘[桔子]	328.00	1.10	0.20	80.80	肝,大肠	温	甘,酸
水果类及制品	柑橘类	064#735	早橘[桔子]	57.00	1.20	0.20	12.60	肝,大肠	温	甘,酸
水果类及制品	柑橘类	064#736	橘饼	371.00	0.60	0.40	92.90	肝,大肠	温	甘,酸
水果类及制品	柑橘类	064#737	柚子	42.00	0.80	0.20	9.50	肝,大肠	温	甘,酸
水果类及制品	柑橘类	064#738	柠檬	37.00	1.10	1.20	6.20	肝,大肠	温	甘,酸
水果类及制品	柑橘类	064#739	葡萄柚(台湾)(西柚)	34.00	0.70	0.30	7.80	肝,大肠	温	甘,酸
水果类及制品	柑橘类	064#740	葡萄柚(以色列)(西柚)	40.00	0.70	0.10	10.00	肝,大肠	温	甘,酸
水果类及制品	热带、亚热带水果	065#741	芭蕉(甘蕉,板蕉,芽蕉)	115.00	1.20	0.10	28.90	肝,大肠	温	甘,酸
水果类及制品	热带、亚热带水果	065#742	菠萝(凤梨)	44.00	0.50	0.10	10.80	肝,大肠	温	甘,酸
水果类及制品	热带、亚热带水果	065#743	菠萝蜜(木菠萝)	105.00	0.20	0.30	25.70	肝,大肠	温	甘,酸
水果类及制品	热带、亚热带水果	065#744	刺梨(茨梨，木梨子)	63.00	0.70	0.10	16.90	肝,大肠	温	甘,酸
水果类及制品	热带、亚热带水果	065#745	番石榴	53.00	1.10	0.40	14.20	肝,大肠	温	甘,酸
水果类及制品	热带、亚热带水果	065#746	桂圆	71.00	1.20	0.10	16.60	肝,大肠	温	甘,酸
水果类及制品	热带、亚热带水果	065#747	桂圆肉(干)	317.00	4.60	1.00	73.50	肝,大肠	温	甘,酸
水果类及制品	热带、亚热带水果	065#748	黄皮果	39.00	1.60	0.20	9.90	肝,大肠	温	甘,酸
水果类及制品	热带、亚热带水果	065#749	荔枝	71.00	0.90	0.20	16.60	肝,大肠	温	甘,酸
水果类及制品	热带、亚热带水果	065#750	芒果	35.00	0.60	0.20	8.30	肝,大肠	温	甘,酸
水果类及制品	热带、亚热带水果	065#751	人参果	87.00	0.60	0.70	21.20	肝,大肠	温	甘,酸
水果类及制品	热带、亚热带水果	065#752	香蕉	93.00	1.40	0.20	22.00	肝,大肠	温	甘,酸
水果类及制品	热带、亚热带水果	065#753	杨梅	30.00	0.80	0.20	6.70	肝,大肠	温	甘,酸
水果类及制品	热带、亚热带水果	065#754	杨桃	31.00	0.60	0.20	7.40	肝,大肠	温	甘,酸
水果类及制品	热带、亚热带水果	065#755	椰子	241.00	4.00	12.10	31.30	肝,大肠	温	甘,酸
水果类及制品	热带、亚热带水果	065#756	枇杷	41.00	0.80	0.20	9.30	肝,大肠	温	甘,酸
水果类及制品	热带、亚热带水果	065#757	橄榄(白榄)	57.00	0.80	0.20	15.10	肝,大肠	温	甘,酸
水果类及制品	热带、亚热带水果	065#758	余甘子(油甘子)	45.00	0.30	0.10	12.40	肝,大肠	温	甘,酸
水果类及制品	热带、亚热带水果	065#759	桂圆(干)	319.00	5.60	0.20	76.20	肝,大肠	温	甘,酸
水果类及制品	热带、亚热带水果	065#760	红毛丹	82.00	1.00	1.20	17.50	肝,大肠	温	甘,酸
水果类及制品	热带、亚热带水果	065#761	火龙果	55.00	1.10	0.20	13.30	肝,大肠	温	甘,酸
水果类及制品	热带、亚热带水果	065#762	荔枝(干)	328.00	4.50	1.20	77.40	肝,大肠	温	甘,酸
水果类及制品	热带、亚热带水果	065#763	榴莲	150.00	2.60	3.30	28.30	肝,大肠	温	甘,酸
水果类及制品	热带、亚热带水果	065#764	芒果(大头)	55.00	0.50	0.10	12.90	肝,大肠	温	甘,酸
水果类及制品	热带、亚热带水果	065#765	木瓜	29.00	0.40	0.10	7.00	肝,大肠	温	甘,酸
水果类及制品	热带、亚热带水果	065#766	酸木瓜	47.00	0.30	0.20	11.10	肝,大肠	温	甘,酸
水果类及制品	热带、亚热带水果	065#767	蒲桃	43.00	0.60	0.00	10.10	肝,大肠	温	甘,酸
水果类及制品	热带、亚热带水果	065#768	山竹	72.00	0.40	0.20	18.00	肝,大肠	温	甘,酸
水果类及制品	热带、亚热带水果	065#769	香蕉(红皮，海南)	86.00	1.10	0.20	20.80	肝,大肠	温	甘,酸
水果类及制品	热带、亚热带水果	065#770	香蕉(红皮，泰国)	81.00	1.10	0.20	19.70	肝,大肠	温	甘,酸
水果类及制品	瓜果类	066#772	白兰瓜	23.00	0.60	0.10	5.30			
水果类及制品	瓜果类	066#773	哈蜜瓜	34.00	0.50	0.10	7.90	肝,大肠	温	甘,酸
水果类及制品	瓜果类	066#774	黄河蜜瓜	11.00	0.40	0.00	4.00	肝,大肠	温	甘,酸
水果类及制品	瓜果类	066#775	金塔寺瓜	10.00	0.60	0.10	2.00	肝,大肠	温	甘,酸
水果类及制品	瓜果类	066#776	灵蜜瓜	4.00	0.50	0.10	0.40	肝,大肠	温	甘,酸
水果类及制品	瓜果类	066#777	麻醉瓜	17.00	0.70	0.10	3.60	肝,大肠	温	甘,酸
水果类及制品	瓜果类	066#778	甜瓜	27.00	0.40	0.10	6.20	肝,大肠	温	甘,酸
水果类及制品	瓜果类	066#779	西瓜	26.00	0.60	0.10	5.80	肝,大肠	温	甘,酸
水果类及制品	瓜果类	066#780	西瓜(京欣一号)	34.00	0.50	0.00	8.10	肝,大肠	温	甘,酸
水果类及制品	瓜果类	066#781	西瓜(郑州三号)	26.00	0.60	0.10	5.70	肝,大肠	温	甘,酸
水果类及制品	瓜果类	066#782	西瓜(忠于6号，黑皮)	32.00	0.50	0.50	6.50	肝,大肠	温	甘,酸
水果类及制品	瓜果类	066#783	籽瓜	5.00	0.20	0.30	0.60	肝,大肠	温	甘,酸
水果类及制品	瓜果类	066#784	小西瓜(地雷瓜)	30.00	0.80	0.10	6.70	肝,大肠	温	甘,酸
水果类及制品	瓜果类	066#771	白金瓜	25.00	0.40	0.00	6.20	肝,大肠	温	甘,酸
坚果、种子类	树坚果	071#785	白果(干)(银杏)	355.00	13.20	1.30	72.60	肝,大肠	温	甘,酸
坚果、种子类	树坚果	071#786	菠萝蜜子	165.00	4.90	0.30	36.70	肝,大肠	温	甘,酸
坚果、种子类	树坚果	071#787	核桃(鲜)	336.00	12.80	29.90	6.10	肝,大肠	温	甘,酸
坚果、种子类	树坚果	071#788	核桃(干)(胡桃)	646.00	14.90	58.80	19.10	肝,大肠	温	甘,酸
坚果、种子类	树坚果	071#789	毛核桃	184.00	12.00	6.70	21.70	肝,大肠	温	甘,酸
坚果、种子类	树坚果	071#790	山核桃(干)	616.00	18.00	50.40	26.20	肝,大肠	温	甘,酸
坚果、种子类	树坚果	071#791	栗子(鲜)	189.00	4.20	0.70	42.20	肝,大肠	温	甘,酸
坚果、种子类	树坚果	071#792	栗子(干)	348.00	5.30	1.70	78.40	肝,大肠	温	甘,酸
坚果、种子类	树坚果	071#793	栗子(熟)	193.00	4.80	1.50	46.00	肝,大肠	温	甘,酸
坚果、种子类	树坚果	071#794	松子(生)	665.00	12.60	62.60	19.00	肝,大肠	温	甘,酸
坚果、种子类	树坚果	071#795	松子(炒)	644.00	14.10	58.50	21.40	肝,大肠	温	甘,酸
坚果、种子类	树坚果	071#796	松子仁	718.00	13.40	70.60	12.20			
坚果、种子类	树坚果	071#797	杏仁	578.00	22.50	45.40	23.90	肝,大肠	温	甘,酸
坚果、种子类	树坚果	071#798	杏仁(大)	540.00	19.90	42.90	27.80	肝,大肠	温	甘,酸
坚果、种子类	树坚果	071#799	杏仁(原味全部)	596.00	21.30	50.60	19.70	肝,大肠	温	甘,酸
坚果、种子类	树坚果	071#800	杏仁(漂白后)	602.00	21.90	50.60	19.90	肝,大肠	温	甘,酸
坚果、种子类	树坚果	071#801	杏仁(过油炸干)	631.00	21.20	55.20	17.70	肝,大肠	温	甘,酸
坚果、种子类	树坚果	071#802	杏仁(烤干，不加盐)	617.00	22.10	52.80	19.30	肝,大肠	温	甘,酸
坚果、种子类	树坚果	071#803	杏仁(烤干，加盐)	617.00	22.10	52.80	19.30	肝,大肠	温	甘,酸
坚果、种子类	树坚果	071#804	橡实(橡子，青冈子)	233.00	4.00	2.00	50.50	肝,大肠	温	甘,酸
坚果、种子类	树坚果	071#805	腰果	559.00	17.30	36.70	41.60	肝,大肠	温	甘,酸
坚果、种子类	树坚果	071#806	榛子(干)	561.00	20.00	44.80	24.30	肝,大肠	温	甘,酸
坚果、种子类	树坚果	071#807	榛子(炒)	611.00	30.50	50.30	13.10	肝,大肠	温	甘,酸
坚果、种子类	树坚果	071#808	山核桃(熟)	659.00	8.30	64.50	21.30	肝,大肠	温	甘,酸
坚果、种子类	树坚果	071#809	栗子(北京密云)(板栗)	190.00	4.40	1.60	39.60	肝,大肠	温	甘,酸
坚果、种子类	树坚果	071#810	栗子(河南)(板栗)	198.00	4.40	1.40	41.90	肝,大肠	温	甘,酸
坚果、种子类	树坚果	071#811	栗子(山东)(板栗)	172.00	4.40	1.00	36.30	肝,大肠	温	甘,酸
坚果、种子类	树坚果	071#812	栗子(河北迁西)(板栗)	186.00	3.80	0.90	40.70	肝,大肠	温	甘,酸
坚果、种子类	树坚果	071#813	栗子(河北邢台)(板栗)	187.00	4.30	1.10	39.90	肝,大肠	温	甘,酸
坚果、种子类	树坚果	071#814	栗子仁(熟)	194.00	4.50	1.50	45.70	肝,大肠	温	甘,酸
坚果、种子类	树坚果	071#815	松子(熟)	553.00	12.90	40.40	40.30	肝,大肠	温	甘,酸
坚果、种子类	树坚果	071#816	杏仁(熟，带壳)	648.00	25.10	58.40	11.00	肝,大肠	温	甘,酸
坚果、种子类	树坚果	071#817	杏仁(熟，去壳)	625.00	28.00	54.40	11.10	肝,大肠	温	甘,酸
坚果、种子类	树坚果	071#818	腰果(熟)	615.00	24.00	50.90	20.40	肝,大肠	温	甘,酸
坚果、种子类	树坚果	071#819	榛子(熟)	642.00	12.50	57.30	25.60	肝,大肠	温	甘,酸
坚果、种子类	树坚果	071#820	榛子仁(熟)	628.00	15.60	52.90	26.70	肝,大肠	温	甘,酸
坚果、种子类	树坚果	071#821	开心果(熟)	631.00	20.60	53.00	21.90			
坚果、种子类	树坚果	071#822	香榧(熟)	644.00	12.40	57.00	26.90	肝,大肠	温	甘,酸
畜肉类及制品	猪	081#917	大肉肠	273.00	12.00	22.90	4.60	肝,大肠	温	甘,酸
畜肉类及制品	猪	081#918	蛋清肠	278.00	12.50	22.80	5.80	肝,大肠	温	甘,酸
畜肉类及制品	猪	081#919	儿童肠	290.00	13.10	19.60	15.30	肝,大肠	温	甘,酸
畜肉类及制品	猪	081#920	风干肠	283.00	12.40	23.30	5.90	肝,大肠	温	甘,酸
畜肉类及制品	猪	081#921	广东香肠	433.00	18.00	37.30	6.40	肝,大肠	温	甘,酸
畜肉类及制品	猪	081#922	红果肠	260.00	10.20	15.30	20.30	肝,大肠	温	甘,酸
畜肉类及制品	猪	081#923	腊肠	584.00	22.00	48.30	15.30	肝,大肠	温	甘,酸
畜肉类及制品	猪	081#924	松江肠	402.00	12.30	26.50	28.50	肝,大肠	温	甘,酸
畜肉类及制品	猪	081#925	蒜肠	309.00	7.50	25.40	12.70	肝,大肠	温	甘,酸
畜肉类及制品	猪	081#926	香肠	508.00	24.10	40.70	11.20	肝,大肠	温	甘,酸
畜肉类及制品	猪	081#927	香肠(罐头)	290.00	7.90	28.10	1.30	肝,大肠	温	甘,酸
畜肉类及制品	猪	081#928	小红肠	280.00	11.80	23.20	6.00	肝,大肠	温	甘,酸
畜肉类及制品	猪	081#929	小泥肠	295.00	11.30	26.30	3.20	肝,大肠	温	甘,酸
畜肉类及制品	猪	081#930	午餐肠	261.00	2.90	16.60	24.90	肝,大肠	温	甘,酸
畜肉类及制品	猪	081#931	午餐肚	181.00	9.30	0.50	34.70	肝,大肠	温	甘,酸
畜肉类及制品	猪	081#932	方腿	117.00	16.20	5.00	1.90	肝,大肠	温	甘,酸
畜肉类及制品	猪	081#933	火腿	330.00	16.00	27.40	4.90	肝,大肠	温	甘,酸
畜肉类及制品	猪	081#934	金华火腿	318.00	16.40	28.00	0.10	肝,大肠	温	甘,酸
畜肉类及制品	猪	081#935	圆腿	139.00	18.40	6.50	1.60	肝,大肠	温	甘,酸
畜肉类及制品	猪	081#936	脆皮肠	302.00	16.60	24.00	4.80	肝,大肠	温	甘,酸
畜肉类及制品	猪	081#937	热狗肠	307.00	13.20	25.20	6.90	肝,大肠	温	甘,酸
畜肉类及制品	猪	081#938	火腿肠	215.00	12.10	14.60	8.80	肝,大肠	温	甘,酸
畜肉类及制品	猪	081#940	火腿(云南)	565.00	11.40	56.10	3.70	肝,大肠	温	甘,酸
畜肉类及制品	猪	081#941	三明治火腿	115.00	12.50	4.50	6.10	肝,大肠	温	甘,酸
畜肉类及制品	猪	081#847	猪肉(肥瘦)	395.00	13.20	37.00	2.40	肝,大肠	温	甘,酸
畜肉类及制品	猪	081#848	猪肉(肥)	807.00	2.40	88.60	0.00	肝,大肠	温	甘,酸
畜肉类及制品	猪	081#849	猪肉(后臀尖)	336.00	14.60	30.80	0.00	肝,大肠	温	甘,酸
畜肉类及制品	猪	081#850	猪肉(后肘)	320.00	17.00	28.00	0.00	肝,大肠	温	甘,酸
畜肉类及制品	猪	081#851	猪肉(肋条肉)	568.00	9.30	59.00	0.00	肝,大肠	温	甘,酸
畜肉类及制品	猪	081#852	猪肉(里脊)	155.00	20.20	7.90	0.70	肝,大肠	温	甘,酸
畜肉类及制品	猪	081#853	猪肉(奶脯)	349.00	7.70	35.30	0.00	肝,大肠	温	甘,酸
畜肉类及制品	猪	081#854	猪肉(奶面)	339.00	13.60	30.60	2.20	肝,大肠	温	甘,酸
畜肉类及制品	猪	081#855	猪肉(前肘)	287.00	17.30	22.90	2.90	肝,大肠	温	甘,酸
畜肉类及制品	猪	081#856	猪肉(瘦)	143.00	20.30	6.20	1.50	肝,大肠	温	甘,酸
畜肉类及制品	猪	081#857	猪肉(腿)	190.00	17.90	12.80	0.80	肝,大肠	温	甘,酸
畜肉类及制品	猪	081#858	猪肉(猪脖)	577.00	8.00	60.50	0.00	肝,大肠	温	甘,酸
畜肉类及制品	猪	081#859	猪大肠	196.00	6.90	18.70	0.00			
畜肉类及制品	猪	081#860	猪大排	264.00	18.30	20.40	1.70	肝,大肠	温	甘,酸
畜肉类及制品	猪	081#861	猪耳	176.00	19.10	11.10	0.00	肝,大肠	温	甘,酸
畜肉类及制品	猪	081#862	猪蹄	260.00	22.60	18.80	0.00	肝,大肠	温	甘,酸
畜肉类及制品	猪	081#863	猪蹄筋	156.00	35.30	1.40	0.50	肝,大肠	温	甘,酸
畜肉类及制品	猪	081#864	猪头皮	499.00	11.80	44.60	12.70	肝,大肠	温	甘,酸
畜肉类及制品	猪	081#865	猪小排	278.00	16.70	23.10	0.70	肝,大肠	温	甘,酸
畜肉类及制品	猪	081#866	猪肘棒	248.00	16.50	16.00	9.40	肝,大肠	温	甘,酸
畜肉类及制品	猪	081#867	猪肉(前臀尖，杜长大猪)	289.00	15.30	25.30	0.00	肝,大肠	温	甘,酸
畜肉类及制品	猪	081#868	猪肉(前臀尖，良杂猪)	334.00	14.20	30.40	0.90	肝,大肠	温	甘,酸
畜肉类及制品	猪	081#869	猪肉(后臀尖，杜长大猪)	165.00	20.80	9.10	0.00	肝,大肠	温	甘,酸
畜肉类及制品	猪	081#870	猪肉(后臀尖，良杂猪)	175.00	20.00	10.50	0.00	肝,大肠	温	甘,酸
畜肉类及制品	猪	081#871	猪肉(硬肋，杜长大猪)	557.00	10.80	57.10	0.00	肝,大肠	温	甘,酸
畜肉类及制品	猪	081#872	猪肉(硬肋，良杂猪)	536.00	11.60	54.40	0.00	肝,大肠	温	甘,酸
畜肉类及制品	猪	081#873	猪肉(通脊，杜长大猪)	159.00	22.30	7.80	0.00	肝,大肠	温	甘,酸
畜肉类及制品	猪	081#874	猪肉(通脊，良杂猪)	140.00	20.70	6.40	0.00	肝,大肠	温	甘,酸
畜肉类及制品	猪	081#876	猪皮	363.00	27.40	28.10	0.00	肝,大肠	温	甘,酸
畜肉类及制品	猪	081#877	猪小排(杜长大猪)	295.00	16.80	25.30	0.00	肝,大肠	温	甘,酸
畜肉类及制品	猪	081#878	猪小排(良杂猪)	351.00	14.10	32.70	0.00	肝,大肠	温	甘,酸
畜肉类及制品	猪	081#879	猪胆肝	336.00	44.20	6.40	25.30	肝,大肠	温	甘,酸
畜肉类及制品	猪	081#880	猪肺	84.00	12.20	3.90	0.10	肝,大肠	温	甘,酸
畜肉类及制品	猪	081#881	猪肝	129.00	19.30	3.50	5.00	肝,大肠	温	甘,酸
畜肉类及制品	猪	081#882	猪脑	131.00	10.80	9.80	0.00	肝,大肠	温	甘,酸
畜肉类及制品	猪	081#883	猪脾	94.00	13.20	3.20	3.10	肝,大肠	温	甘,酸
畜肉类及制品	猪	081#884	猪肾	96.00	15.40	3.20	1.40			
畜肉类及制品	猪	081#885	猪小肠	65.00	10.00	2.00	1.70	肝,大肠	温	甘,酸
畜肉类及制品	猪	081#886	猪心	119.00	16.60	5.30	1.10	肝,大肠	温	甘,酸
畜肉类及制品	猪	081#887	猪血	55.00	12.20	0.30	0.90	肝,大肠	温	甘,酸
畜肉类及制品	猪	081#888	猪肚	110.00	15.20	5.10	0.70	肝,大肠	温	甘,酸
畜肉类及制品	猪	081#890	猪舌(口条)	233.00	15.70	18.10	1.70			
畜肉类及制品	猪	081#892	宫爆肉丁(罐头)	353.00	17.70	27.60	8.40	肝,大肠	温	甘,酸
畜肉类及制品	猪	081#893	酱汁肉	549.00	15.50	50.40	8.40	肝,大肠	温	甘,酸
畜肉类及制品	猪	081#894	腊肉(培根)	181.00	22.30	9.00	2.60	肝,大肠	温	甘,酸
畜肉类及制品	猪	081#895	腊肉(生)	498.00	11.80	48.80	2.90	肝,大肠	温	甘,酸
畜肉类及制品	猪	081#896	卤猪杂	186.00	24.60	4.80	11.00	肝,大肠	温	甘,酸
畜肉类及制品	猪	081#897	咸肉	390.00	16.50	36.00	0.00	肝,大肠	温	甘,酸
畜肉类及制品	猪	081#898	珍珠里脊丝(罐头)	225.00	6.70	17.30	10.50	肝,大肠	温	甘,酸
畜肉类及制品	猪	081#899	猪肝(卤煮)	203.00	26.40	8.30	5.60			
畜肉类及制品	猪	081#900	猪肉(清蒸)	198.00	18.40	13.80	0.00	肝,大肠	温	甘,酸
畜肉类及制品	猪	081#901	猪蹄(熟)	260.00	23.60	17.00	3.20	肝,大肠	温	甘,酸
畜肉类及制品	猪	081#902	猪肘棒(熟)	314.00	21.30	24.50	2.10	肝,大肠	温	甘,酸
畜肉类及制品	猪	081#903	火腿心全精肉	322.00	37.00	19.30	0.00	肝,大肠	温	甘,酸
畜肉类及制品	猪	081#904	火腿心肉	528.00	22.20	48.80	0.00	肝,大肠	温	甘,酸
畜肉类及制品	猪	081#905	腊肉	692.00	18.20	68.00	1.80	肝,大肠	温	甘,酸
畜肉类及制品	猪	081#906	叉烧肉	196.00	20.90	9.80	6.00	肝,大肠	温	甘,酸
畜肉类及制品	猪	081#907	酱排骨	366.00	21.70	26.70	9.60	肝,大肠	温	甘,酸
畜肉类及制品	猪	081#908	香糟块肉	542.00	15.50	53.30	0.00	肝,大肠	温	甘,酸
畜肉类及制品	猪	081#909	熏烤小里脊	153.00	17.70	3.90	11.80	肝,大肠	温	甘,酸
畜肉类及制品	猪	081#910	猪肉脯	378.00	28.00	8.80	46.60	肝,大肠	温	甘,酸
畜肉类及制品	猪	081#911	肉酥	509.00	30.70	27.10	35.50	肝,大肠	温	甘,酸
畜肉类及制品	猪	081#912	猪肉松	373.00	41.80	10.20	28.60	肝,大肠	温	甘,酸
畜肉类及制品	猪	081#913	扒猪脸	347.00	18.80	29.60	1.40	肝,大肠	温	甘,酸
畜肉类及制品	猪	081#914	酱肘子	202.00	29.60	8.50	1.80	肝,大肠	温	甘,酸
畜肉类及制品	猪	081#915	茶肠	329.00	9.00	29.60	6.70	肝,大肠	温	甘,酸
畜肉类及制品	猪	081#916	大腊肠	267.00	12.90	20.10	8.60	肝,大肠	温	甘,酸
畜肉类及制品	牛	082#943	牛肉(肥瘦)	125.00	19.90	4.20	2.00	肝,大肠	温	甘,酸
畜肉类及制品	牛	082#944	牛肉(腑肋)	123.00	18.60	5.40	0.00	肝,大肠	温	甘,酸
畜肉类及制品	牛	082#945	牛肉(后腿)	106.00	20.90	2.00	1.10	肝,大肠	温	甘,酸
畜肉类及制品	牛	082#946	牛肉(后腱)	98.00	20.10	1.00	2.20	肝,大肠	温	甘,酸
畜肉类及制品	牛	082#947	牛肉(里脊)	107.00	22.20	0.90	2.40	肝,大肠	温	甘,酸
畜肉类及制品	牛	082#948	牛肉(前腿)	105.00	19.20	1.80	2.90	肝,大肠	温	甘,酸
畜肉类及制品	牛	082#949	牛肉(前腱)	113.00	20.30	1.30	5.10	肝,大肠	温	甘,酸
畜肉类及制品	牛	082#950	牛肉(瘦)	106.00	20.20	2.30	1.20	肝,大肠	温	甘,酸
畜肉类及制品	牛	082#951	牛蹄筋	151.00	34.10	0.50	2.60	肝,大肠	温	甘,酸
畜肉类及制品	牛	082#952	牛蹄筋(泡发)	25.00	6.00	0.00	0.20	肝,大肠	温	甘,酸
畜肉类及制品	牛	082#953	牛肉(背部肉)(上脑)	193.00	17.40	12.40	3.00	肝,大肠	温	甘,酸
畜肉类及制品	牛	082#954	牛肉(里脊肉)(牛柳)	134.00	22.30	5.00	0.00	肝,大肠	温	甘,酸
畜肉类及制品	牛	082#955	牛肉(臀部肉)(紫盖、白板)	117.00	22.60	2.60	0.90	肝,大肠	温	甘,酸
畜肉类及制品	牛	082#956	牛肉(肩部肉)(肩肉)	342.00	14.10	31.70	0.00	肝,大肠	温	甘,酸
畜肉类及制品	牛	082#957	牛肉(胸部肉)(牛胸)	326.00	16.60	28.80	0.00	肝,大肠	温	甘,酸
畜肉类及制品	牛	082#958	牛肉(腹部肉)(牛腩)	332.00	17.10	29.30	0.00	肝,大肠	温	甘,酸
畜肉类及制品	牛	082#959	牛肉(膝圆肉)(和尚头)	106.00	22.40	1.80	0.10	肝,大肠	温	甘,酸
畜肉类及制品	牛	082#960	牛肉(股内肉)	119.00	22.80	2.90	0.40	肝,大肠	温	甘,酸
畜肉类及制品	牛	082#961	牛肉(小腿肉)	122.00	23.00	3.30	0.00	肝,大肠	温	甘,酸
畜肉类及制品	牛	082#962	牛鞭(泡发)	117.00	27.20	0.90	0.00	肝,大肠	温	甘,酸
畜肉类及制品	牛	082#963	牛大肠	66.00	11.00	2.30	0.40	肝,大肠	温	甘,酸
畜肉类及制品	牛	082#964	牛肚	72.00	14.50	1.60	0.00	肝,大肠	温	甘,酸
畜肉类及制品	牛	082#965	牛肺	95.00	16.50	2.50	1.50	肝,大肠	温	甘,酸
畜肉类及制品	牛	082#966	牛肝	139.00	19.80	3.90	6.20	肝,大肠	温	甘,酸
畜肉类及制品	牛	082#967	牛脑	149.00	12.50	11.00	0.10	肝,大肠	温	甘,酸
畜肉类及制品	牛	082#968	牛舌	196.00	17.00	13.30	2.00	肝,大肠	温	甘,酸
畜肉类及制品	牛	082#969	牛肾	94.00	15.60	2.40	2.60	肝,大肠	温	甘,酸
畜肉类及制品	牛	082#970	牛心	106.00	15.40	3.50	3.10	肝,大肠	温	甘,酸
畜肉类及制品	牛	082#971	牛百叶(黑)	70.00	13.20	1.90	0.00	肝,大肠	温	甘,酸
畜肉类及制品	牛	082#972	酱牛肉	246.00	31.40	11.90	3.20	肝,大肠	温	甘,酸
畜肉类及制品	牛	082#973	煨牛肉(罐头)	166.00	16.70	11.00	0.10	肝,大肠	温	甘,酸
畜肉类及制品	牛	082#974	牛肉干	550.00	45.60	40.00	1.90	肝,大肠	温	甘,酸
畜肉类及制品	牛	082#975	咖喱牛肉干	326.00	45.90	2.70	29.50	肝,大肠	温	甘,酸
畜肉类及制品	牛	082#976	牛肉松	445.00	8.20	15.70	67.70	肝,大肠	温	甘,酸
畜肉类及制品	牛	082#977	牛蹄筋(熟)	147.00	35.20	0.60	0.10	肝,大肠	温	甘,酸
畜肉类及制品	牛	082#978	牛肉(酱，五香)	229.00	33.20	10.70	0.00	肝,大肠	温	甘,酸
畜肉类及制品	牛	082#979	牛肉(清香)	200.00	25.80	10.70	0.00	肝,大肠	温	甘,酸
畜肉类及制品	牛	082#980	牛腱子(香叶)	205.00	35.60	5.50	3.20	肝,大肠	温	甘,酸
畜肉类及制品	羊	083#992	羊肉(上脑)	94.00	19.00	2.00	0.00	肝,大肠	温	甘,酸
畜肉类及制品	羊	083#993	羊肉(腰窝)	135.00	18.90	6.60	0.00	肝,大肠	温	甘,酸
畜肉类及制品	羊	083#994	羊肉(前腿)	110.00	18.60	3.20	1.60			
畜肉类及制品	羊	083#995	羊肉(后腿)	110.00	19.50	3.40	0.30	肝,大肠	温	甘,酸
畜肉类及制品	羊	083#996	羊肉片	118.00	18.00	4.00	2.40	肝,大肠	温	甘,酸
畜肉类及制品	羊	083#997	羊大肠	75.00	13.40	2.40	0.00	肝,大肠	温	甘,酸
畜肉类及制品	羊	083#998	羊肚	87.00	12.20	3.40	1.80	肝,大肠	温	甘,酸
畜肉类及制品	羊	083#999	羊肺	96.00	16.20	2.40	2.50			
畜肉类及制品	羊	083#1000	羊肝	134.00	17.90	3.60	7.40	肝,大肠	温	甘,酸
畜肉类及制品	羊	083#1001	羊脑	142.00	11.30	10.70	0.10	肝,大肠	温	甘,酸
畜肉类及制品	羊	083#1002	羊舌	225.00	19.40	14.20	4.80	肝,大肠	温	甘,酸
畜肉类及制品	羊	083#1003	羊肾	96.00	16.60	2.80	1.00	肝,大肠	温	甘,酸
畜肉类及制品	羊	083#1004	羊心	113.00	13.80	5.50	2.00	肝,大肠	温	甘,酸
畜肉类及制品	羊	083#1005	羊血	57.00	6.80	0.20	6.90	肝,大肠	温	甘,酸
畜肉类及制品	羊	083#1006	腊羊肉	246.00	26.10	10.60	11.50	肝,大肠	温	甘,酸
畜肉类及制品	羊	083#1007	羊肉(熟)	217.00	23.20	13.80	0.00	肝,大肠	温	甘,酸
畜肉类及制品	羊	083#1008	羊肉串(电烤)	234.00	26.40	11.60	6.00	肝,大肠	温	甘,酸
畜肉类及制品	羊	083#1009	羊肉串(烤)	206.00	26.00	10.30	2.40	肝,大肠	温	甘,酸
畜肉类及制品	羊	083#1010	羊肉串(炸)	217.00	18.30	11.50	10.00	肝,大肠	温	甘,酸
畜肉类及制品	羊	083#1011	羊肉干	588.00	28.20	46.70	13.70	肝,大肠	温	甘,酸
畜肉类及制品	羊	083#1012	羊肉手抓	188.00	27.30	8.80	0.00	肝,大肠	温	甘,酸
畜肉类及制品	羊	083#1013	山羊肉(酱)	272.00	25.40	13.70	11.80	肝,大肠	温	甘,酸
畜肉类及制品	羊	083#1014	烧羊肉(五香)	183.00	33.60	5.40	0.00	肝,大肠	温	甘,酸
畜肉类及制品	羊	083#1015	羊肉串(生)	118.00	13.00	4.80	5.60	肝,大肠	温	甘,酸
畜肉类及制品	羊	083#981	羊肉(肥瘦)	203.00	19.00	14.10	0.00	肝,大肠	温	甘,酸
畜肉类及制品	羊	083#982	羊肉(冻)	285.00	12.60	24.40	3.80	肝,大肠	温	甘,酸
畜肉类及制品	羊	083#983	羊肉(后腿)	110.00	19.50	3.40	0.30	肝,大肠	温	甘,酸
畜肉类及制品	羊	083#984	羊肉(颈)	135.00	21.30	4.60	2.20	肝,大肠	温	甘,酸
畜肉类及制品	羊	083#985	羊肉(里脊)	103.00	20.50	1.60	1.60	肝,大肠	温	甘,酸
畜肉类及制品	羊	083#986	羊肉(青羊)	99.00	21.30	1.10	1.00	肝,大肠	温	甘,酸
畜肉类及制品	羊	083#987	羊肉(瘦)	118.00	20.50	3.90	0.20	肝,大肠	温	甘,酸
畜肉类及制品	羊	083#988	羊肉(胸脯)	133.00	19.40	6.20	0.00	肝,大肠	温	甘,酸
畜肉类及制品	羊	083#989	山羊肉(冻)	293.00	8.70	24.50	9.40	肝,大肠	温	甘,酸
畜肉类及制品	羊	083#990	羊蹄筋(生)	159.00	34.30	2.40	0.00	肝,大肠	温	甘,酸
畜肉类及制品	羊	083#991	羊蹄筋(泡发)	41.00	8.40	0.00	1.90	肝,大肠	温	甘,酸
畜肉类及制品	驴	084#1016	驴肉(瘦)	116.00	21.50	3.20	0.40	肝,大肠	温	甘,酸
畜肉类及制品	驴	084#1017	驴鞭	143.00	29.70	0.80	4.30	肝,大肠	温	甘,酸
畜肉类及制品	驴	084#1018	驴肉(酱)	160.00	33.70	2.80	0.00	肝,大肠	温	甘,酸
畜肉类及制品	驴	084#1019	驴肉(卤)	149.00	27.20	1.90	5.80	肝,大肠	温	甘,酸
畜肉类及制品	驴	084#1020	驴肉(煮)	230.00	27.00	13.50	0.00	肝,大肠	温	甘,酸
畜肉类及制品	驴	084#1021	驴肉(五香)	167.00	28.20	6.00	0.00	肝,大肠	温	甘,酸
畜肉类及制品	马	085#1022	马肉	122.00	20.10	4.60	0.10	肝,大肠	温	甘,酸
畜肉类及制品	马	085#1023	马心	104.00	18.90	2.70	1.00	肝,大肠	温	甘,酸
畜肉类及制品	马	085#1024	马肉(卤)	170.00	30.50	4.80	1.20	肝,大肠	温	甘,酸
畜肉类及制品	其他	089#1025	狗肉	116.00	16.80	4.60	1.80	肝,大肠	温	甘,酸
畜肉类及制品	其他	089#1026	骆驼蹄	116.00	25.60	1.40	0.20	肝,大肠	温	甘,酸
畜肉类及制品	其他	089#1027	骆驼掌	310.00	72.80	2.00	0.30	肝,大肠	温	甘,酸
畜肉类及制品	其他	089#1028	兔肉	102.00	19.70	2.20	0.90	肝,大肠	温	甘,酸
畜肉类及制品	其他	089#1029	兔肉(野)	84.00	16.60	2.00	0.00	肝,大肠	温	甘,酸
畜肉类及制品	其他	089#1030	鹿肉(梅花鹿)	92.00	19.70	1.30	0.30	肝,大肠	温	甘,酸
禽肉类及制品	鸡	091#1031	鸡	167.00	19.30	9.40	1.30	肝,大肠	温	甘,酸
禽肉类及制品	鸡	091#1032	土鸡(家养)	124.00	20.80	4.50	0.00	肝,大肠	温	甘,酸
禽肉类及制品	鸡	091#1033	母鸡(一年内)	256.00	20.30	16.80	5.80	肝,大肠	温	甘,酸
禽肉类及制品	鸡	091#1034	肉鸡(肥)	389.00	16.70	35.40	0.90	肝,大肠	温	甘,酸
禽肉类及制品	鸡	091#1035	华青鸡	158.00	19.60	8.80	0.00	肝,大肠	温	甘,酸
禽肉类及制品	鸡	091#1036	沙鸡	147.00	20.00	6.70	1.60	肝,大肠	温	甘,酸
禽肉类及制品	鸡	091#1037	乌骨鸡	111.00	22.30	2.30	0.30	肝,大肠	温	甘,酸
禽肉类及制品	鸡	091#1038	鸡胸脯肉	133.00	19.40	5.00	2.50	肝,大肠	温	甘,酸
禽肉类及制品	鸡	091#1041	鸡爪	254.00	23.90	16.40	2.70	肝,大肠	温	甘,酸
禽肉类及制品	鸡	091#1043	鸡腿	181.00	16.00	13.00	0.00	肝,大肠	温	甘,酸
禽肉类及制品	鸡	091#1044	鸡翅	194.00	17.40	11.80	4.60	肝,大肠	温	甘,酸
禽肉类及制品	鸡	091#1045	鸡块(带浆粉)	206.00	12.20	9.10	18.80	肝,大肠	温	甘,酸
禽肉类及制品	鸡	091#1046	野山鸡	126.00	20.40	2.00	6.60	肝,大肠	温	甘,酸
禽肉类及制品	鸡	091#1047	鸡肝	121.00	16.60	4.80	2.80	肝,大肠	温	甘,酸
禽肉类及制品	鸡	091#1048	鸡肝(肉鸡)	121.00	16.70	4.50	3.50	肝,大肠	温	甘,酸
禽肉类及制品	鸡	091#1049	鸡心	172.00	15.90	11.80	0.60	肝,大肠	温	甘,酸
禽肉类及制品	鸡	091#1050	鸡血	49.00	7.80	0.20	4.10	肝,大肠	温	甘,酸
禽肉类及制品	鸡	091#1051	鸡肫(鸡胗)	118.00	19.20	2.80	4.00	肝,大肠	温	甘,酸
禽肉类及制品	鸡	091#1052	扒鸡	217.00	29.60	11.00	0.00	肝,大肠	温	甘,酸
禽肉类及制品	鸡	091#1053	肯德鸡(炸鸡)	279.00	20.30	17.30	10.50	肝,大肠	温	甘,酸
禽肉类及制品	鸡	091#1054	卤煮鸡	212.00	29.40	7.90	5.80	肝,大肠	温	甘,酸
禽肉类及制品	鸡	091#1055	瓦罐鸡汤(肉)	190.00	20.90	9.50	5.20	肝,大肠	温	甘,酸
禽肉类及制品	鸡	091#1056	瓦罐鸡汤(汤)	27.00	1.30	2.40	0.00	肝,大肠	温	甘,酸
禽肉类及制品	鸡	091#1057	鸡肉松	440.00	7.20	16.40	65.80	肝,大肠	温	甘,酸
禽肉类及制品	鸡	091#1058	扒鸡(五香脱骨)	206.00	23.40	10.80	3.80	肝,大肠	温	甘,酸
禽肉类及制品	鸡	091#1059	烤鸡	240.00	22.40	16.70	0.10	肝,大肠	温	甘,酸
禽肉类及制品	鸡	091#1060	童子鸡(熟)	226.00	15.80	18.10	0.00	肝,大肠	温	甘,酸
禽肉类及制品	鸭	092#1069	鸭肝	128.00	14.50	7.50	0.50	肝,大肠	温	甘,酸
禽肉类及制品	鸭	092#1070	鸭肝(公麻鸭)	136.00	14.70	4.10	10.10	肝,大肠	温	甘,酸
禽肉类及制品	鸭	092#1071	鸭肝(母麻鸭)	113.00	16.80	2.50	5.90	肝,大肠	温	甘,酸
禽肉类及制品	鸭	092#1072	鸭舌(鸭条)	245.00	16.60	19.70	0.40	肝,大肠	温	甘,酸
禽肉类及制品	鸭	092#1073	鸭心	143.00	12.80	8.90	2.90	肝,大肠	温	甘,酸
禽肉类及制品	鸭	092#1074	鸭血(白鸭)	108.00	13.60	0.40	12.40	肝,大肠	温	甘,酸
禽肉类及制品	鸭	092#1075	鸭血(公麻鸭)	56.00	13.20	0.40	0.00	肝,大肠	温	甘,酸
禽肉类及制品	鸭	092#1076	鸭血(母麻鸭)	55.00	13.10	0.30	0.00	肝,大肠	温	甘,酸
禽肉类及制品	鸭	092#1077	鸭胰	117.00	21.70	2.90	1.00	肝,大肠	温	甘,酸
禽肉类及制品	鸭	092#1078	鸭肫	92.00	17.90	1.30	2.10	肝,大肠	温	甘,酸
禽肉类及制品	鸭	092#1079	鸭肫(公麻鸭)	112.00	19.80	1.20	5.40	肝,大肠	温	甘,酸
禽肉类及制品	鸭	092#1080	鸭胗(母麻鸭)	126.00	20.40	4.20	1.60	肝,大肠	温	甘,酸
禽肉类及制品	鸭	092#1081	鸭豉片	603.00	18.30	56.10	6.10	肝,大肠	温	甘,酸
禽肉类及制品	鸭	092#1082	北京烤鸭	436.00	16.60	38.40	6.00	肝,大肠	温	甘,酸
禽肉类及制品	鸭	092#1083	北京填鸭	425.00	9.30	41.30	3.90	肝,大肠	温	甘,酸
禽肉类及制品	鸭	092#1084	红烧鸭(罐头)	338.00	15.30	30.50	0.60	肝,大肠	温	甘,酸
禽肉类及制品	鸭	092#1085	酱鸭	266.00	18.90	18.40	6.30	肝,大肠	温	甘,酸
禽肉类及制品	鸭	092#1086	酱鸭(加梅菜，罐头)	245.00	11.80	21.70	1.30	肝,大肠	温	甘,酸
禽肉类及制品	鸭	092#1087	盐水鸭(熟)	313.00	16.60	26.10	2.80	肝,大肠	温	甘,酸
禽肉类及制品	鸭	092#1061	鸭	240.00	15.50	19.70	0.20	肝,大肠	温	甘,酸
禽肉类及制品	鸭	092#1062	公麻鸭	360.00	14.30	30.90	6.10	肝,大肠	温	甘,酸
禽肉类及制品	鸭	092#1063	母麻鸭	461.00	13.00	44.80	1.40	肝,大肠	温	甘,酸
禽肉类及制品	鸭	092#1064	鸭胸脯肉	90.00	15.00	1.50	4.00	肝,大肠	温	甘,酸
禽肉类及制品	鸭	092#1065	鸭皮	538.00	6.50	50.20	15.10	肝,大肠	温	甘,酸
禽肉类及制品	鸭	092#1066	鸭翅	146.00	16.50	6.10	6.30	肝,大肠	温	甘,酸
禽肉类及制品	鸭	092#1067	鸭掌	150.00	26.90	1.90	6.20	肝,大肠	温	甘,酸
禽肉类及制品	鸭	092#1068	鸭肠	129.00	14.20	7.80	0.40	肝,大肠	温	甘,酸
禽肉类及制品	鹅	093#1088	鹅	251.00	17.90	19.90	0.00	肝,大肠	温	甘,酸
禽肉类及制品	鹅	093#1089	鹅肝	129.00	15.20	3.40	9.30			
禽肉类及制品	鹅	093#1090	鹅肫	100.00	19.60	1.90	1.10	肝,大肠	温	甘,酸
禽肉类及制品	鹅	093#1091	烧鹅	289.00	19.70	21.50	4.20	肝,大肠	温	甘,酸
禽肉类及制品	鹅	093#1092	腊鹅	410.00	24.60	21.50	29.60	肝,大肠	温	甘,酸
禽肉类及制品	火鸡	094#1093	火鸡胸脯肉	103.00	22.40	0.20	2.80	肝,大肠	温	甘,酸
禽肉类及制品	火鸡	094#1094	火鸡肝	143.00	20.00	5.60	3.10	肝,大肠	温	甘,酸
禽肉类及制品	火鸡	094#1095	火鸡肫	91.00	18.90	0.30	3.20	肝,大肠	温	甘,酸
禽肉类及制品	火鸡	094#1096	火鸡腿	91.00	20.00	1.20	0.00	肝,大肠	温	甘,酸
禽肉类及制品	其他	099#1097	鸽	201.00	16.50	14.20	1.70	肝,大肠	温	甘,酸
禽肉类及制品	其他	099#1098	鹌鹑	110.00	20.20	3.10	0.20			
禽肉类及制品	其他	099#1099	乳鸽	352.00	11.30	34.10	0.00	肝,大肠	温	甘,酸
禽肉类及制品	其他	099#1100	乳鸽(红烧)	255.00	16.90	20.80	0.00	肝,大肠	温	甘,酸
乳类及制品	奶粉	102#1108	全脂加糖奶粉	490.00	22.50	23.40	47.40	肝,大肠	温	甘,酸
乳类及制品	奶粉	102#1109	全脂牛奶粉	478.00	20.10	21.20	51.70	肝,大肠	温	甘,酸
乳类及制品	奶粉	102#1110	全脂速溶奶粉	466.00	19.90	18.90	54.00	肝,大肠	温	甘,酸
乳类及制品	奶粉	102#1111	全脂羊乳粉	498.00	18.80	25.20	49.00	肝,大肠	温	甘,酸
乳类及制品	酸奶	103#1112	酸奶	72.00	2.50	2.70	9.30	肝,大肠	温	甘,酸
乳类及制品	酸奶	103#1113	酸奶(高蛋白)	62.00	3.20	2.20	7.30	肝,大肠	温	甘,酸
乳类及制品	酸奶	103#1114	酸奶(脱脂)	57.00	3.30	0.40	10.00	肝,大肠	温	甘,酸
乳类及制品	酸奶	103#1115	酸奶(中脂)	64.00	2.70	1.90	9.00	肝,大肠	温	甘,酸
乳类及制品	酸奶	103#1116	酸奶(果料)	67.00	3.10	1.40	10.40	肝,大肠	温	甘,酸
乳类及制品	酸奶	103#1117	酸奶(桔味，脱脂)	48.00	3.20	0.30	8.20	肝,大肠	温	甘,酸
乳类及制品	酸奶	103#1118	酸奶(调味)	88.00	3.00	3.20	11.90	肝,大肠	温	甘,酸
乳类及制品	酸奶	103#1119	酸奶(果粒)	98.00	3.30	2.90	14.60	肝,大肠	温	甘,酸
乳类及制品	奶酪	104#1120	奶酪(干酪)	328.00	25.70	23.50	3.50	肝,大肠	温	甘,酸
乳类及制品	奶酪	104#1121	奶豆腐(脱脂)	343.00	53.70	2.50	26.50	肝,大肠	温	甘,酸
乳类及制品	奶酪	104#1122	奶豆腐(鲜)	305.00	46.20	7.80	12.50	肝,大肠	温	甘,酸
乳类及制品	奶酪	104#1123	奶疙瘩	426.00	55.10	15.00	17.70	肝,大肠	温	甘,酸
乳类及制品	奶酪	104#1124	契达干酪(普通)	412.00	25.50	34.40	0.10	肝,大肠	温	甘,酸
乳类及制品	奶酪	104#1125	契达干酪(脱脂)		31.50	15.00		肝,大肠	温	甘,酸
乳类及制品	奶酪	104#1126	曲拉	356.00	39.10	2.90	43.40	肝,大肠	温	甘,酸
乳类及制品	奶酪	104#1127	全脂软酪		8.60	31.00		肝,大肠	温	甘,酸
乳类及制品	奶酪	104#1128	酸酪蛋	443.00	40.40	20.40	24.40	肝,大肠	温	甘,酸
乳类及制品	奶酪	104#1129	羊乳酪	250.00	15.60	20.20	1.50	肝,大肠	温	甘,酸
乳类及制品	奶酪	104#1130	中脂软酪	180.00	9.20	14.50	3.10	肝,大肠	温	甘,酸
乳类及制品	奶酪	104#1131	低脂奶酪	241.00	21.60	11.60	12.60	肝,大肠	温	甘,酸
乳类及制品	奶酪	104#1132	硬质干酪	411.00	24.90	34.50	0.10	肝,大肠	温	甘,酸
乳类及制品	奶油	105#1133	奶油(焦克)	447.00	3.00	48.30	0.00	肝,大肠	温	甘,酸
乳类及制品	奶油	105#1134	奶油(食品工业)	504.00	1.10	55.50	0.00	肝,大肠	温	甘,酸
乳类及制品	奶油	105#1135	黄油	888.00	1.40	98.00	0.00	肝,大肠	温	甘,酸
乳类及制品	奶油	105#1136	黄油渣	599.00	11.10	43.80	40.00	肝,大肠	温	甘,酸
乳类及制品	奶油	105#1137	白脱(食品工业)	744.00	0.00	82.70	0.00	肝,大肠	温	甘,酸
乳类及制品	奶油	105#1138	酥油	860.00	1.50	94.40	1.10	肝,大肠	温	甘,酸
乳类及制品	奶油	105#1139	奶油	879.00	0.70	97.00	0.90	肝,大肠	温	甘,酸
乳类及制品	其他	109#1142	奶片	472.00	13.30	20.20	59.30	肝,大肠	温	甘,酸
乳类及制品	其他	109#1143	脱脂甜炼乳	275.00	10.30	0.20	58.00	肝,大肠	温	甘,酸
乳类及制品	其他	109#1140	炼乳(甜，罐头)	332.00	8.00	8.70	55.40	肝,大肠	温	甘,酸
乳类及制品	其他	109#1141	奶皮子	460.00	12.20	42.90	6.30	肝,大肠	温	甘,酸
蛋类及制品	鸡蛋	111#1144	鸡蛋	144.00	13.30	8.80	2.80	肝,大肠	温	甘,酸
蛋类及制品	鸡蛋	111#1145	鸡蛋(白皮)	138.00	12.70	9.00	1.50	肝,大肠	温	甘,酸
蛋类及制品	鸡蛋	111#1146	鸡蛋(土鸡)	138.00	14.40	6.40	5.60	肝,大肠	温	甘,酸
蛋类及制品	鸡蛋	111#1147	鸡蛋白	60.00	11.60	0.10	3.10	肝,大肠	温	甘,酸
蛋类及制品	鸡蛋	111#1148	鸡蛋白(乌骨鸡)	44.00	9.80	0.10	1.00	肝,大肠	温	甘,酸
蛋类及制品	鸡蛋	111#1149	鸡蛋黄	328.00	15.20	28.20	3.40	肝,大肠	温	甘,酸
蛋类及制品	鸡蛋	111#1150	鸡蛋黄(乌骨鸡)	263.00	15.20	19.90	5.70	肝,大肠	温	甘,酸
蛋类及制品	鸡蛋	111#1151	鸡蛋(红皮)	156.00	12.80	11.10	1.30	肝,大肠	温	甘,酸
蛋类及制品	鸡蛋	111#1152	藏鸡蛋	162.00	12.60	11.30	2.40	肝,大肠	温	甘,酸
蛋类及制品	鸡蛋	111#1153	乌鸡蛋(绿皮)	170.00	12.60	10.60	6.10			
蛋类及制品	鸡蛋	111#1154	鸡蛋粉(全蛋粉)	545.00	43.40	36.20	11.30	肝,大肠	温	甘,酸
蛋类及制品	鸡蛋	111#1155	鸡蛋黄粉	644.00	31.60	55.10	5.30	肝,大肠	温	甘,酸
蛋类及制品	鸡蛋	111#1156	松花蛋(鸡蛋)	178.00	14.80	10.60	5.80	肝,大肠	温	甘,酸
蛋类及制品	鸡蛋	111#1157	鸡蛋(煮)	143.00	12.10	10.50	0.10	肝,大肠	温	甘,酸
蛋类及制品	鸡蛋	111#1158	毛蛋	176.00	14.20	13.20	0.00	肝,大肠	温	甘,酸
蛋类及制品	鸡蛋	111#1159	荷包蛋(油煎)	195.00	13.50	15.00	1.40	肝,大肠	温	甘,酸
蛋类及制品	鸡蛋	111#1160	荷包蛋(煮)	155.00	12.30	11.70	0.20	肝,大肠	温	甘,酸
蛋类及制品	鸭蛋	112#1161	鸭蛋	180.00	12.60	13.00	3.10	肝,大肠	温	甘,酸
蛋类及制品	鸭蛋	112#1162	鸭蛋白	47.00	9.90	0.00	1.80	肝,大肠	温	甘,酸
蛋类及制品	鸭蛋	112#1163	鸭蛋黄	378.00	14.50	33.80	4.00	肝,大肠	温	甘,酸
蛋类及制品	鸭蛋	112#1164	海鸭蛋	243.00	12.70	13.80	16.90	肝,大肠	温	甘,酸
蛋类及制品	鸭蛋	112#1165	松花皮蛋(鸭蛋)	171.00	14.20	10.70	4.50	肝,大肠	温	甘,酸
蛋类及制品	鸭蛋	112#1166	咸鸭蛋	190.00	12.70	12.70	6.30	肝,大肠	温	甘,酸
蛋类及制品	鸭蛋	112#1167	咸鸭蛋(煮)	177.00	13.80	13.50	0.00	肝,大肠	温	甘,酸
蛋类及制品	鹌鹑蛋	114#1172	鹌鹑蛋	160.00	12.80	11.10	2.10	肝,大肠	温	甘,酸
蛋类及制品	鹌鹑蛋	114#1173	鹌鹑蛋(五香罐头)	152.00	11.60	11.70	0.00	肝,大肠	温	甘,酸
鱼虾蟹贝类	虾	122#1292	虾皮	153.00	30.70	2.20	2.50	肝,大肠	温	甘,酸
鱼虾蟹贝类	虾	122#1293	螯虾	93.00	14.80	3.80	0.00	肝,大肠	温	甘,酸
鱼虾蟹贝类	虾	122#1294	虾米	198.00	43.70	2.60	0.00	肝,大肠	温	甘,酸
鱼虾蟹贝类	虾	122#1295	虾脑酱	100.00	15.20	4.30	0.00	肝,大肠	温	甘,酸
鱼虾蟹贝类	虾	122#1296	虾酱	112.00	10.80	7.60	0.00	肝,大肠	温	甘,酸
鱼虾蟹贝类	虾	122#1297	虾仁(红)	48.00	10.40	0.70	0.00	肝,大肠	温	甘,酸
鱼虾蟹贝类	虾	122#1298	虾仁肉丸	149.00	4.60	7.40	16.70	肝,大肠	温	甘,酸
鱼虾蟹贝类	虾	122#1278	白米虾(水虾米)	81.00	17.30	0.40	2.00	肝,大肠	温	甘,酸
鱼虾蟹贝类	虾	122#1279	斑节对虾(草虾)	103.00	18.60	0.80	5.40	肝,大肠	温	甘,酸
鱼虾蟹贝类	虾	122#1280	长毛对虾	90.00	18.50	0.40	3.00	肝,大肠	温	甘,酸
鱼虾蟹贝类	虾	122#1281	刺蛄	77.00	16.00	1.40	0.00	肝,大肠	温	甘,酸
鱼虾蟹贝类	虾	122#1282	东方对虾	84.00	18.30	0.50	1.60			
鱼虾蟹贝类	虾	122#1283	对虾	93.00	18.60	0.80	2.80	肝,大肠	温	甘,酸
鱼虾蟹贝类	虾	122#1284	海虾	79.00	16.80	0.60	1.50	肝,大肠	温	甘,酸
鱼虾蟹贝类	虾	122#1285	河虾	87.00	16.40	2.40	0.00	肝,大肠	温	甘,酸
鱼虾蟹贝类	虾	122#1286	基围虾	101.00	18.20	1.40	3.90	肝,大肠	温	甘,酸
鱼虾蟹贝类	虾	122#1287	江虾(沼虾)	87.00	10.30	0.90	9.30	肝,大肠	温	甘,酸
鱼虾蟹贝类	虾	122#1288	龙虾	90.00	18.90	1.10	1.00	肝,大肠	温	甘,酸
鱼虾蟹贝类	虾	122#1289	明虾	85.00	13.40	1.80	3.80	肝,大肠	温	甘,酸
鱼虾蟹贝类	虾	122#1290	塘水虾(草虾)	96.00	21.20	1.20	0.00	肝,大肠	温	甘,酸
鱼虾蟹贝类	虾	122#1291	虾虎	81.00	11.60	1.70	4.80	肝,大肠	温	甘,酸
鱼虾蟹贝类	蟹	123#1299	海蟹	95.00	13.80	2.30	4.70	肝,大肠	温	甘,酸
鱼虾蟹贝类	蟹	123#1300	河蟹	103.00	17.50	2.60	2.30	肝,大肠	温	甘,酸
鱼虾蟹贝类	蟹	123#1301	踞缘青蟹(青蟹)	80.00	14.60	1.60	1.70	肝,大肠	温	甘,酸
鱼虾蟹贝类	蟹	123#1302	梭子蟹	95.00	15.90	3.10	0.90	肝,大肠	温	甘,酸
鱼虾蟹贝类	蟹	123#1303	蟹肉	62.00	11.60	1.20	1.10	肝,大肠	温	甘,酸
鱼虾蟹贝类	蟹	123#1304	海蟹(小)	81.00	14.20	1.10	3.60	肝,大肠	温	甘,酸
鱼虾蟹贝类	蟹	123#1305	蟹足棒	123.00	9.00	0.60	20.50	肝,大肠	温	甘,酸
鱼虾蟹贝类	贝	124#1306	鲍鱼(杂色鲍)	84.00	12.60	0.80	6.60	肝,大肠	温	甘,酸
鱼虾蟹贝类	贝	124#1307	鲍鱼(干)	322.00	54.10	5.60	13.70	肝,大肠	温	甘,酸
鱼虾蟹贝类	贝	124#1308	蛏子	40.00	7.30	0.30	2.10	肝,大肠	温	甘,酸
鱼虾蟹贝类	贝	124#1309	蛏干	340.00	46.50	4.90	27.40	肝,大肠	温	甘,酸
鱼虾蟹贝类	贝	124#1310	赤贝	61.00	13.90	0.60	0.00	肝,大肠	温	甘,酸
鱼虾蟹贝类	贝	124#1311	河蚌	54.00	10.90	0.80	0.70	肝,大肠	温	甘,酸
鱼虾蟹贝类	贝	124#1312	河蚬	47.00	7.00	1.40	1.70	肝,大肠	温	甘,酸
鱼虾蟹贝类	贝	124#1313	牡蛎	73.00	5.30	2.10	8.20	肝,大肠	温	甘,酸
鱼虾蟹贝类	贝	124#1314	生蚝	57.00	10.90	1.50	0.00	肝,大肠	温	甘,酸
鱼虾蟹贝类	贝	124#1315	泥蚶	71.00	10.00	0.80	6.00	肝,大肠	温	甘,酸
鱼虾蟹贝类	贝	124#1316	扇贝(鲜)	60.00	11.10	0.60	2.60	肝,大肠	温	甘,酸
鱼虾蟹贝类	贝	124#1317	扇贝(干)	264.00	55.60	2.40	5.10	肝,大肠	温	甘,酸
鱼虾蟹贝类	贝	124#1318	鲜贝	77.00	15.70	0.50	2.50	肝,大肠	温	甘,酸
鱼虾蟹贝类	贝	124#1319	银蚶(蚶子)	71.00	12.20	1.40	2.30	肝,大肠	温	甘,酸
鱼虾蟹贝类	贝	124#1320	淡菜(鲜)	80.00	11.40	1.70	4.70	肝,大肠	温	甘,酸
鱼虾蟹贝类	贝	124#1321	淡菜(干)	355.00	47.80	9.30	20.10	肝,大肠	温	甘,酸
鱼虾蟹贝类	贝	124#1322	海蚌	42.00	9.50	0.30	0.20			
鱼虾蟹贝类	贝	124#1323	蛤蜊	62.00	10.10	1.10	2.80	肝,大肠	温	甘,酸
鱼虾蟹贝类	贝	124#1324	花蛤蜊	45.00	7.70	0.60	2.20			
鱼虾蟹贝类	贝	124#1325	毛蛤蜊	97.00	15.00	1.00	7.10	肝,大肠	温	甘,酸
鱼虾蟹贝类	贝	124#1326	秋蛤蜊	89.00	15.60	0.70	5.00	肝,大肠	温	甘,酸
鱼虾蟹贝类	贝	124#1327	沙蛤蜊	56.00	8.90	1.90	0.80	肝,大肠	温	甘,酸
鱼虾蟹贝类	贝	124#1328	杂色蛤蜊	53.00	7.50	2.20	0.70	肝,大肠	温	甘,酸
鱼虾蟹贝类	贝	124#1329	螺	100.00	15.70	1.20	6.60	肝,大肠	温	甘,酸
鱼虾蟹贝类	贝	124#1330	红螺	119.00	20.20	0.90	7.60	肝,大肠	温	甘,酸
鱼虾蟹贝类	贝	124#1331	黄螺	106.00	19.80	1.00	4.50	肝,大肠	温	甘,酸
鱼虾蟹贝类	贝	124#1332	螺狮	59.00	7.50	0.60	6.00	肝,大肠	温	甘,酸
鱼虾蟹贝类	贝	124#1333	石螺	90.00	12.80	0.70	8.20	肝,大肠	温	甘,酸
鱼虾蟹贝类	贝	124#1334	田螺	60.00	11.00	0.20	3.60	肝,大肠	温	甘,酸
鱼虾蟹贝类	贝	124#1335	香海螺	163.00	22.70	3.50	10.10	肝,大肠	温	甘,酸
鱼虾蟹贝类	贝	124#1336	文蛤丸	211.00	16.20	9.20	15.80	肝,大肠	温	甘,酸
鱼虾蟹贝类	其他	129#1337	海参	78.00	16.50	0.20	2.50	肝,大肠	温	甘,酸
鱼虾蟹贝类	其他	129#1338	海参(干)	262.00	50.20	4.80	4.50	肝,大肠	温	甘,酸
鱼虾蟹贝类	其他	129#1339	海参(水浸)	25.00	6.00	0.10	0.00	肝,大肠	温	甘,酸
鱼虾蟹贝类	其他	129#1340	海蜇皮	33.00	3.70	0.30	3.80			
鱼虾蟹贝类	其他	129#1341	海蜇头	74.00	6.00	0.30	11.80	肝,大肠	温	甘,酸
鱼虾蟹贝类	其他	129#1342	墨鱼(曼氏无针乌贼)	83.00	15.20	0.90	3.40	肝,大肠	温	甘,酸
鱼虾蟹贝类	其他	129#1343	墨鱼(干)(曼氏无针乌贼)	287.00	65.30	1.90	2.10	肝,大肠	温	甘,酸
鱼虾蟹贝类	其他	129#1344	乌贼(鲜)	84.00	17.40	1.60	0.00	肝,大肠	温	甘,酸
鱼虾蟹贝类	其他	129#1345	乌贼(干)(台湾枪乌贼)	313.00	60.00	4.60	7.80	肝,大肠	温	甘,酸
鱼虾蟹贝类	其他	129#1346	鱿鱼(水浸)	75.00	17.00	0.80	0.00	肝,大肠	温	甘,酸
鱼虾蟹贝类	其他	129#1347	乌鱼蛋	66.00	14.10	1.10	0.00	肝,大肠	温	甘,酸
鱼虾蟹贝类	其他	129#1348	章鱼(真蛸)	52.00	10.60	0.40	1.40	肝,大肠	温	甘,酸
鱼虾蟹贝类	其他	129#1349	章鱼(八爪鱼)(八角鱼)	135.00	18.90	0.40	14.00	肝,大肠	温	甘,酸
鱼虾蟹贝类	其他	129#1350	甲鱼蛋	128.00	12.50	7.30	3.00	肝,大肠	温	甘,酸
鱼虾蟹贝类	其他	129#1351	墨鱼圈	72.00	13.00	2.20	0.00	肝,大肠	温	甘,酸
鱼虾蟹贝类	其他	129#1352	墨鱼丸	128.00	13.40	4.70	8.00	肝,大肠	温	甘,酸
小吃、甜饼	小吃	141#1366	春卷	465.00	6.10	33.70	34.80	肝,大肠	温	甘,酸
小吃、甜饼	小吃	141#1367	豆腐脑(带卤)	48.00	2.60	1.80	5.40	肝,大肠	温	甘,酸
小吃、甜饼	小吃	141#1368	粉皮	62.00	0.20	0.30	15.00	肝,大肠	温	甘,酸
小吃、甜饼	小吃	141#1369	灌肠	134.00	0.20	0.30	32.80	肝,大肠	温	甘,酸
小吃、甜饼	小吃	141#1370	焦圈	534.00	6.90	34.90	48.90	肝,大肠	温	甘,酸
小吃、甜饼	小吃	141#1371	京八件	441.00	7.20	16.40	67.60	肝,大肠	温	甘,酸
小吃、甜饼	小吃	141#1372	栗羊羹	302.00	3.70	0.60	70.90	肝,大肠	温	甘,酸
小吃、甜饼	小吃	141#1373	凉粉	38.00	0.20	0.30	8.90	肝,大肠	温	甘,酸
小吃、甜饼	小吃	141#1374	凉粉(带调料)	51.00	0.30	0.50	11.30	肝,大肠	温	甘,酸
小吃、甜饼	小吃	141#1375	凉面	167.00	4.80	1.70	33.30	肝,大肠	温	甘,酸
小吃、甜饼	小吃	141#1376	龙虾片	342.00	0.60	0.10	85.50	肝,大肠	温	甘,酸
小吃、甜饼	小吃	141#1377	驴打滚	198.00	8.20	0.20	41.80	肝,大肠	温	甘,酸
小吃、甜饼	小吃	141#1378	美味香酥卷	368.00	7.50	3.60	76.70	肝,大肠	温	甘,酸
小吃、甜饼	小吃	141#1379	蜜麻花	369.00	4.80	11.00	63.20	肝,大肠	温	甘,酸
小吃、甜饼	小吃	141#1380	蜜三刀	427.00	4.40	14.20	70.70	肝,大肠	温	甘,酸
小吃、甜饼	小吃	141#1381	面窝	291.00	5.20	10.70	44.00	肝,大肠	温	甘,酸
小吃、甜饼	小吃	141#1382	年糕	156.00	3.30	0.60	34.70	肝,大肠	温	甘,酸
小吃、甜饼	小吃	141#1383	酿皮	107.00	4.40	0.30	21.80	肝,大肠	温	甘,酸
小吃、甜饼	小吃	141#1384	青稞炒面	366.00	11.80	2.20	77.00	肝,大肠	温	甘,酸
小吃、甜饼	小吃	141#1385	热干面	153.00	4.20	2.40	28.70	肝,大肠	温	甘,酸
小吃、甜饼	小吃	141#1386	三刀蜜	385.00	4.10	10.50	69.30	肝,大肠	温	甘,酸
小吃、甜饼	小吃	141#1387	三鲜豆皮	239.00	6.00	10.20	31.00	肝,大肠	温	甘,酸
小吃、甜饼	小吃	141#1388	汤包	237.00	8.10	11.60	25.20	肝,大肠	温	甘,酸
小吃、甜饼	小吃	141#1389	甜胚子	131.00	5.20	0.20	27.20	肝,大肠	温	甘,酸
小吃、甜饼	小吃	141#1390	甜醅	192.00	7.80	0.10	41.00	肝,大肠	温	甘,酸
小吃、甜饼	小吃	141#1391	豌豆黄	138.00	7.50	0.60	26.70	肝,大肠	温	甘,酸
小吃、甜饼	小吃	141#1392	香油炒面	410.00	12.40	4.80	80.10	肝,大肠	温	甘,酸
小吃、甜饼	小吃	141#1393	油茶	96.00	2.40	0.90	20.00	肝,大肠	温	甘,酸
小吃、甜饼	小吃	141#1394	油炸豆瓣	406.00	25.10	9.80	54.70	肝,大肠	温	甘,酸
小吃、甜饼	小吃	141#1395	油炸豆花	404.00	33.40	14.80	35.10	肝,大肠	温	甘,酸
小吃、甜饼	小吃	141#1396	炸糕	282.00	6.10	12.30	37.30	肝,大肠	温	甘,酸
小吃、甜饼	小吃	141#1397	糌粑(稞麦熟品)	261.00	4.10	13.10	32.50	肝,大肠	温	甘,酸
小吃、甜饼	小吃	141#1398	春卷(素馅)	189.00	4.90	4.60	33.80	肝,大肠	温	甘,酸
小吃、甜饼	小吃	141#1399	黑芝麻汤圆	315.00	4.40	13.80	44.20	肝,大肠	温	甘,酸
小吃、甜饼	小吃	141#1400	醪糟	101.00	2.60	0.20	22.40	肝,大肠	温	甘,酸
小吃、甜饼	小吃	141#1401	煎饼	333.00	9.50	3.50	70.00	肝,大肠	温	甘,酸
小吃、甜饼	小吃	141#1402	过桥米线	97.00	4.00	3.80	11.80	肝,大肠	温	甘,酸
小吃、甜饼	小吃	141#1362	艾窝窝	190.00	4.30	0.00	43.40	肝,大肠	温	甘,酸
小吃、甜饼	小吃	141#1363	白水羊头	193.00	22.40	11.00	1.20	肝,大肠	温	甘,酸
小吃、甜饼	小吃	141#1364	茶汤	93.00	1.50	0.10	21.50	肝,大肠	温	甘,酸
小吃、甜饼	小吃	141#1365	炒肝	96.00	2.80	8.00	3.30	肝,大肠	温	甘,酸
小吃、甜饼	蛋糕、甜点	142#1440	廖花糖	415.00	7.20	14.00	70.80	肝,大肠	温	甘,酸
小吃、甜饼	蛋糕、甜点	142#1441	绿豆糕	351.00	12.80	1.00	73.40	肝,大肠	温	甘,酸
小吃、甜饼	蛋糕、甜点	142#1442	麻烘糕	398.00	3.80	3.80	87.20	肝,大肠	温	甘,酸
小吃、甜饼	蛋糕、甜点	142#1443	麻花	527.00	8.30	31.50	53.40	肝,大肠	温	甘,酸
小吃、甜饼	蛋糕、甜点	142#1444	麻香糕	402.00	3.90	3.60	88.70	肝,大肠	温	甘,酸
小吃、甜饼	蛋糕、甜点	142#1445	米花糖	385.00	3.10	3.30	85.80	肝,大肠	温	甘,酸
小吃、甜饼	蛋糕、甜点	142#1446	起酥	500.00	8.70	31.70	45.10	肝,大肠	温	甘,酸
小吃、甜饼	蛋糕、甜点	142#1447	水晶饼	438.00	0.20	17.40	70.50	肝,大肠	温	甘,酸
小吃、甜饼	蛋糕、甜点	142#1448	酥皮糕点	429.00	8.10	15.50	65.00	肝,大肠	温	甘,酸
小吃、甜饼	蛋糕、甜点	142#1449	桃酥	483.00	7.10	21.80	65.10	肝,大肠	温	甘,酸
小吃、甜饼	蛋糕、甜点	142#1450	硬皮糕点	466.00	8.40	20.10	63.50	肝,大肠	温	甘,酸
小吃、甜饼	蛋糕、甜点	142#1451	芝麻桃酥	467.00	7.00	17.70	70.10	肝,大肠	温	甘,酸
小吃、甜饼	蛋糕、甜点	142#1452	状元饼	437.00	8.60	14.70	68.10	肝,大肠	温	甘,酸
小吃、甜饼	蛋糕、甜点	142#1453	茯苓夹饼	345.00	4.40	0.40	84.30	肝,大肠	温	甘,酸
小吃、甜饼	蛋糕、甜点	142#1454	沙琪玛蛋酥	512.00	5.90	30.40	55.10	肝,大肠	温	甘,酸
小吃、甜饼	蛋糕、甜点	142#1455	香橙水果馅饼	447.00	4.80	19.00	64.20	肝,大肠	温	甘,酸
小吃、甜饼	蛋糕、甜点	142#1403	蛋糕	348.00	8.60	5.10	67.10	肝,大肠	温	甘,酸
小吃、甜饼	蛋糕、甜点	142#1405	蛋清蛋糕	339.00	6.50	2.40	72.90	肝,大肠	温	甘,酸
小吃、甜饼	蛋糕、甜点	142#1406	宫廷蛋糕	335.00	7.40	3.40	69.20	肝,大肠	温	甘,酸
小吃、甜饼	蛋糕、甜点	142#1407	老年蛋糕	384.00	13.00	9.60	61.80	肝,大肠	温	甘,酸
小吃、甜饼	蛋糕、甜点	142#1408	奶油蛋糕	379.00	7.20	13.90	56.50	肝,大肠	温	甘,酸
小吃、甜饼	蛋糕、甜点	142#1409	西式蛋糕	316.00	7.80	3.40	63.80	肝,大肠	温	甘,酸
小吃、甜饼	蛋糕、甜点	142#1412	月饼(百寿宴点)	435.00	5.10	22.10	55.30	肝,大肠	温	甘,酸
小吃、甜饼	蛋糕、甜点	142#1413	月饼(奶油果馅)	443.00	5.70	16.90	67.60			
小吃、甜饼	蛋糕、甜点	142#1414	月饼(奶油松仁)	446.00	6.40	21.40	59.00	肝,大肠	温	甘,酸
小吃、甜饼	蛋糕、甜点	142#1415	月饼(唐王赏月)	418.00	8.00	18.40	57.80	肝,大肠	温	甘,酸
小吃、甜饼	蛋糕、甜点	142#1416	月饼(五仁)	424.00	8.00	16.00	64.00	肝,大肠	温	甘,酸
小吃、甜饼	蛋糕、甜点	142#1417	月饼(香油果馅)	456.00	6.30	19.70	65.20	肝,大肠	温	甘,酸
小吃、甜饼	蛋糕、甜点	142#1418	月饼(枣泥)	427.00	7.10	15.70	64.90	肝,大肠	温	甘,酸
小吃、甜饼	蛋糕、甜点	142#1419	月饼(蛋黄)	402.00	6.00	20.00	50.20	肝,大肠	温	甘,酸
小吃、甜饼	蛋糕、甜点	142#1420	月饼(豆沙)	334.00	5.40	6.90	64.80	肝,大肠	温	甘,酸
小吃、甜饼	蛋糕、甜点	142#1421	月饼(桂花板栗)	339.00	5.70	6.60	66.30			
小吃、甜饼	蛋糕、甜点	142#1422	月饼(奶油莲芸)	381.00	5.50	13.00	60.40	肝,大肠	温	甘,酸
小吃、甜饼	蛋糕、甜点	142#1423	板油酥饼	360.00	7.60	14.90	49.40	肝,大肠	温	甘,酸
小吃、甜饼	蛋糕、甜点	142#1424	蛋黄酥	388.00	11.70	3.90	76.90	肝,大肠	温	甘,酸
小吃、甜饼	蛋糕、甜点	142#1425	蛋麻脆	456.00	9.00	17.40	66.70			
小吃、甜饼	蛋糕、甜点	142#1426	德庆酥	464.00	5.90	18.70	70.00	肝,大肠	温	甘,酸
小吃、甜饼	蛋糕、甜点	142#1427	鹅油卷	464.00	8.40	22.70	57.40			
小吃、甜饼	蛋糕、甜点	142#1428	凤尾酥	511.00	6.60	25.30	64.20	肝,大肠	温	甘,酸
小吃、甜饼	蛋糕、甜点	142#1429	福来酥	470.00	6.20	21.40	64.20	肝,大肠	温	甘,酸
小吃、甜饼	蛋糕、甜点	142#1430	核桃簿脆	493.00	9.80	24.60	61.10	肝,大肠	温	甘,酸
小吃、甜饼	蛋糕、甜点	142#1431	黑麻香酥	430.00	5.60	16.10	67.30	肝,大肠	温	甘,酸
小吃、甜饼	蛋糕、甜点	142#1432	黑洋酥	396.00	4.20	12.40	70.60	肝,大肠	温	甘,酸
小吃、甜饼	蛋糕、甜点	142#1433	混糖糕点	455.00	7.90	16.30	69.50	肝,大肠	温	甘,酸
小吃、甜饼	蛋糕、甜点	142#1434	鸡腿酥	436.00	6.20	13.40	72.70	肝,大肠	温	甘,酸
小吃、甜饼	蛋糕、甜点	142#1435	夹心酥饼	482.00	5.30	24.70	59.70	肝,大肠	温	甘,酸
小吃、甜饼	蛋糕、甜点	142#1436	江米条	440.00	5.70	11.70	78.10	肝,大肠	温	甘,酸
小吃、甜饼	蛋糕、甜点	142#1437	金钱酥	489.00	11.40	23.10	62.60	肝,大肠	温	甘,酸
小吃、甜饼	蛋糕、甜点	142#1438	京式黄酥	490.00	6.00	21.80	67.70	肝,大肠	温	甘,酸
小吃、甜饼	蛋糕、甜点	142#1439	开口笑	519.00	8.40	30.00	55.30			
饮料	汽水	161#1589	橙珍(易拉罐装)	25.00	0.10	0.00	6.10	肝,大肠	温	甘,酸
饮料	汽水	161#1590	橙汁汽水	20.00	0.00	0.00	5.10	肝,大肠	温	甘,酸
饮料	汽水	161#1591	柠檬汽水	38.00	0.00	0.00	9.50	肝,大肠	温	甘,酸
饮料	汽水	161#1592	特制柠檬汽水	50.00	0.00	0.00	12.50	肝,大肠	温	甘,酸
饮料	汽水	161#1593	可口可乐	44.00	0.10	0.00	10.80	肝,大肠	温	甘,酸
饮料	果汁	162#1594	VC橘汁	95.00	0.10	0.20	23.20	肝,大肠	温	甘,酸
饮料	果汁	162#1595	浓缩橘汁	235.00	0.80	0.30	57.30	肝,大肠	温	甘,酸
饮料	果汁	162#1596	鲜橘汁(纸盒)	30.00	0.10	0.00	7.40	肝,大肠	温	甘,酸
饮料	果汁	162#1597	橘子汁	119.00	0.00	0.10	29.60	肝,大肠	温	甘,酸
饮料	果汁	162#1598	刺枚汁(纸盒)	32.00	0.00	0.00	8.10	肝,大肠	温	甘,酸
饮料	果汁	162#1599	甘蔗汁	65.00	0.40	0.10	16.00			
饮料	果汁	162#1600	红果汁	157.00	0.00	0.20	38.70			
饮料	果汁	162#1601	柠檬汁	27.00	0.90	0.20	5.50	肝,大肠	温	甘,酸
饮料	果汁	162#1602	沙棘果汁	47.00	0.90	0.50	10.60	肝,大肠	温	甘,酸
饮料	果汁	162#1603	乌梅汁	133.00	0.20	0.10	32.80	肝,大肠	温	甘,酸
饮料	果汁	162#1604	原汁沙棘	48.00	2.60	0.00	9.30	肝,大肠	温	甘,酸
饮料	果汁	162#1605	苹果果肉饮料	52.00	0.10	0.40	12.10	肝,大肠	温	甘,酸
饮料	果汁	162#1606	芒果汁饮料	48.00	0.10	0.00	12.00	肝,大肠	温	甘,酸
饮料	果汁	162#1607	沙棘果浆	326.00	0.30	0.50	80.20	肝,大肠	温	甘,酸
饮料	果汁	162#1608	山楂果肉饮料	56.00	0.10	0.20	13.90	肝,大肠	温	甘,酸
饮料	果汁	162#1609	酸枣果汁饮料	27.00	0.10	0.00	6.70	肝,大肠	温	甘,酸
饮料	果汁	162#1610	西番莲汁饮料	50.00	0.20	0.10	12.00	肝,大肠	温	甘,酸
饮料	果汁	162#1611	西柚汁饮料	35.00	0.60	0.40	7.30	肝,大肠	温	甘,酸
饮料	果汁	162#1612	椰子汁饮料	51.00	0.70	2.40	6.60	肝,大肠	温	甘,酸
饮料	果汁	162#1613	杏仁椰汁饮料	39.00	0.60	0.10	9.00	肝,大肠	温	甘,酸
饮料	茶	166#1621	茶叶(砖茶)	283.00	14.50	4.00	66.70	肝,大肠	温	甘,酸
饮料	茶	166#1622	茶砖(小)	308.00	15.10	4.00	68.90	肝,大肠	温	甘,酸
饮料	茶	166#1623	红茶	324.00	26.70	1.10	59.20	肝,大肠	温	甘,酸
饮料	茶	166#1624	花茶	316.00	27.10	1.20	58.10	肝,大肠	温	甘,酸
饮料	茶	166#1625	甲级龙井	331.00	33.30	2.70	48.90	肝,大肠	温	甘,酸
饮料	茶	166#1626	绿茶	328.00	34.20	2.30	50.30	肝,大肠	温	甘,酸
饮料	茶	166#1627	石榴花茶	343.00	10.50	2.90	74.20	肝,大肠	温	甘,酸
饮料	茶	166#1628	柿叶茶	321.00	25.80	1.90	59.10	肝,大肠	温	甘,酸
饮料	茶	166#1629	铁观音茶	334.00	22.80	1.30	65.00	肝,大肠	温	甘,酸
饮料	茶	166#1630	珠茶	334.00	28.70	1.70	58.30	肝,大肠	温	甘,酸
饮料	茶	166#1631	大麦茶	393.00	13.00	3.40	77.60	肝,大肠	温	甘,酸
饮料	茶	166#1632	茶水	0.00	0.10	0.00	0.00	肝,大肠	温	甘,酸
饮料	茶	166#1633	大麦茶水	1.00	0.00	0.00	0.30	肝,大肠	温	甘,酸
饮料	含酒精饮料	171172173#1	小麦	339.00	11.90	1.30	75.20	肝,大肠	温	甘,酸
饮料	含酒精饮料	171172173#2	五谷香	378.00	9.90	2.60	78.90	肝,大肠	温	甘,酸
饮料	含酒精饮料	171172173#3	标准粉	349.00	11.20	1.50	73.60	肝,大肠	温	甘,酸
饮料	含酒精饮料	171172173#4	富强粉	351.00	10.30	1.10	75.20	肝,大肠	温	甘,酸
饮料	含酒精饮料	171172173#5	小麦粉(特二粉)	352.00	10.40	1.10	75.90	肝,大肠	温	甘,酸
饮料	含酒精饮料	171172173#6	小麦胚粉	403.00	36.40	10.10	44.50	肝,大肠	温	甘,酸
饮料	含酒精饮料	171172173#7	麸皮	282.00	15.80	4.00	61.40	肝,大肠	温	甘,酸
饮料	含酒精饮料	171172173#8	小麦粉(标准粉)	349.00	11.20	1.50	73.60	肝,大肠	温	甘,酸
饮料	含酒精饮料	171172173#9	小麦粉(富强粉、特一粉)	362.00	12.30	1.50	74.90	肝,大肠	温	甘,酸
饮料	含酒精饮料	171172173#10	小麦粉(特制)	367.00	13.30	2.20	73.50	肝,大肠	温	甘,酸
饮料	含酒精饮料	171172173#11	挂面(标准粉)	348.00	10.10	0.70	76.00	肝,大肠	温	甘,酸
饮料	含酒精饮料	171172173#12	挂面(精制龙须面)	348.00	11.20	0.50	74.70	肝,大肠	温	甘,酸
饮料	含酒精饮料	171172173#13	面条	286.00	8.30	0.70	61.90	肝,大肠	温	甘,酸
饮料	含酒精饮料	171172173#14	面条(标准粉，切面)	283.00	8.50	1.60	59.50	肝,大肠	温	甘,酸
饮料	含酒精饮料	171172173#15	面条(富，切)	286.00	9.30	1.10	59.90	肝,大肠	温	甘,酸
饮料	含酒精饮料	171172173#16	面条(特粉，切面)	287.00	7.30	0.10	64.50	肝,大肠	温	甘,酸
饮料	含酒精饮料	171172173#17	面条(干切面)	355.00	11.00	0.10	77.70	肝,大肠	温	甘,酸
饮料	含酒精饮料	171172173#18	面条(虾蓉面)	436.00	8.50	15.10	68.30	肝,大肠	温	甘,酸
饮料	含酒精饮料	171172173#19	通心面(通心粉)	351.00	11.90	0.10	75.80	肝,大肠	温	甘,酸
饮料	含酒精饮料	171172173#20	挂面(富强粉)	363.00	13.00	1.50	74.70	肝,大肠	温	甘,酸
饮料	含酒精饮料	171172173#21	龙须面(素)	359.00	10.80	1.80	75.70	肝,大肠	温	甘,酸
饮料	含酒精饮料	171172173#22	龙须面(鸡蛋)	352.00	14.00	1.80	71.50			
饮料	含酒精饮料	171172173#23	面条(富强粉，切面)	277.00	8.90	0.40	60.70	肝,大肠	温	甘,酸
饮料	含酒精饮料	171172173#24	面条(富强粉，煮)	107.00	3.90	0.40	22.80	肝,大肠	温	甘,酸
饮料	含酒精饮料	171172173#25	花卷	214.00	6.40	1.00	45.60	肝,大肠	温	甘,酸
饮料	含酒精饮料	171172173#26	空锅饼	278.00	8.60	0.20	60.90	肝,大肠	温	甘,酸
饮料	含酒精饮料	171172173#27	烙饼(标准粉)	259.00	7.50	2.30	52.90			
饮料	含酒精饮料	171172173#28	馒头	223.00	7.00	1.10	47.00	肝,大肠	温	甘,酸
饮料	含酒精饮料	171172173#30	烧饼(加糖)	298.00	8.00	2.10	62.70	肝,大肠	温	甘,酸
饮料	含酒精饮料	171172173#31	油饼	403.00	7.90	22.90	42.40	肝,大肠	温	甘,酸
饮料	含酒精饮料	171172173#32	油条	388.00	6.90	17.60	51.00	肝,大肠	温	甘,酸
饮料	含酒精饮料	171172173#33	花卷(加牛奶)	282.00	6.50	3.20	58.90	肝,大肠	温	甘,酸
饮料	含酒精饮料	171172173#34	馒头(富强粉)	235.00	7.10	1.30	50.90	肝,大肠	温	甘,酸
饮料	含酒精饮料	171172173#35	水面筋	142.00	23.50	0.10	12.30	肝,大肠	温	甘,酸
饮料	含酒精饮料	171172173#36	油面筋	493.00	26.90	25.10	40.40	肝,大肠	温	甘,酸
饮料	含酒精饮料	171172173#37	面筋(肉馅)	364.00	16.20	33.20	0.10	肝,大肠	温	甘,酸
饮料	黄酒	171#1661	啤酒		0.40	0.00		肝,大肠	温	甘,酸
饮料	黄酒	171#1662	清爽型啤酒(6度)		0.40	0.00		肝,大肠	温	甘,酸
饮料	黄酒	171#1663	葡萄酒		0.10	0.00		肝,大肠	温	甘,酸
饮料	黄酒	171#1664	白葡萄酒		0.10	0.00		肝,大肠	温	甘,酸
饮料	黄酒	171#1665	红葡萄酒		0.10	0.00		肝,大肠	温	甘,酸
饮料	黄酒	171#1666	玫瑰香葡萄酒(15度)		0.10	0.00		肝,大肠	温	甘,酸
饮料	黄酒	171#1667	黄酒		1.60	0.00		肝,大肠	温	甘,酸
饮料	黄酒	171#1668	江米酒		1.60	0.00		肝,大肠	温	甘,酸
饮料	黄酒	171#1669	糯香酒(6.4度)		0.00	0.00		肝,大肠	温	甘,酸
饮料	黄酒	171#1670	花雕酒(16.5%)	30.00	1.00	0.00	6.50	肝,大肠	温	甘,酸
饮料	白酒	172#1671	二锅头(58度)		0.00	0.00				
饮料	白酒	172#1672	精制小麦酒		0.00	0.00		肝,大肠	温	甘,酸
饮料	白酒	172#1673	曲酒(55度)		0.00	0.00		肝,大肠	温	甘,酸
饮料	白酒	172#1674	小麦酒(48度)		0.00	0.00		肝,大肠	温	甘,酸
饮料	白酒	172#1675	茅台酒(53%)	0.00	0.00	0.00	0.00	肝,大肠	温	甘,酸
饮料	白酒	172#1676	五粮液(52%)	0.00	0.00	0.00	0.00	肝,大肠	温	甘,酸
饮料	白酒	172#1677	伏特加	0.00	0.00	0.00	0.00			
饮料	白酒	172#1678	威士忌	0.00	0.00	0.00	0.10	肝,大肠	温	甘,酸
饮料	果酒	173#1679	苹果酒(干型)	10.00	0.00	0.00	2.60	肝,大肠	温	甘,酸
饮料	果酒	173#1680	苹果酒(甜)	17.00	0.00	0.00	4.30	肝,大肠	温	甘,酸
饮料	果酒	173#1681	果汁朗姆酒(9.9%)	132.00	0.40	1.90	28.30	肝,大肠	温	甘,酸
饮料	果酒	173#1682	鸡尾酒	0.00	0.00	0.00	0.00	肝,大肠	温	甘,酸
含酒精饮料	黄酒	171#1661	啤酒		0.40	0.00		肝,大肠	温	甘,酸
含酒精饮料	黄酒	171#1662	清爽型啤酒(6度)		0.40	0.00		肝,大肠	温	甘,酸
含酒精饮料	黄酒	171#1663	葡萄酒		0.10	0.00		肝,大肠	温	甘,酸
含酒精饮料	黄酒	171#1664	白葡萄酒		0.10	0.00		肝,大肠	温	甘,酸
含酒精饮料	黄酒	171#1665	红葡萄酒		0.10	0.00		肝,大肠	温	甘,酸
含酒精饮料	黄酒	171#1666	玫瑰香葡萄酒(15度)		0.10	0.00		肝,大肠	温	甘,酸
含酒精饮料	黄酒	171#1667	黄酒		1.60	0.00		肝,大肠	温	甘,酸
含酒精饮料	黄酒	171#1668	江米酒		1.60	0.00		肝,大肠	温	甘,酸
含酒精饮料	黄酒	171#1669	糯香酒(6.4度)		0.00	0.00		肝,大肠	温	甘,酸
含酒精饮料	黄酒	171#1670	花雕酒(16.5%)	30.00	1.00	0.00	6.50	肝,大肠	温	甘,酸
含酒精饮料	白酒	172#1671	二锅头(58度)		0.00	0.00		肝,大肠	温	甘,酸
含酒精饮料	白酒	172#1672	精制小麦酒		0.00	0.00		肝,大肠	温	甘,酸
含酒精饮料	白酒	172#1673	曲酒(55度)		0.00	0.00		肝,大肠	温	甘,酸
含酒精饮料	白酒	172#1674	小麦酒(48度)		0.00	0.00		肝,大肠	温	甘,酸
含酒精饮料	白酒	172#1675	茅台酒(53%)	0.00	0.00	0.00	0.00	肝,大肠	温	甘,酸
含酒精饮料	白酒	172#1676	五粮液(52%)	0.00	0.00	0.00	0.00	肝,大肠	温	甘,酸
含酒精饮料	白酒	172#1677	伏特加	0.00	0.00	0.00	0.00	肝,大肠	温	甘,酸
含酒精饮料	白酒	172#1678	威士忌	0.00	0.00	0.00	0.10	肝,大肠	温	甘,酸
含酒精饮料	果酒	173#1679	苹果酒(干型)	10.00	0.00	0.00	2.60	肝,大肠	温	甘,酸
含酒精饮料	果酒	173#1680	苹果酒(甜)	17.00	0.00	0.00	4.30	肝,大肠	温	甘,酸
含酒精饮料	果酒	173#1681	果汁朗姆酒(9.9%)	132.00	0.40	1.90	28.30	肝,大肠	温	甘,酸
含酒精饮料	果酒	173#1682	鸡尾酒	0.00	0.00	0.00	0.00	肝,大肠	温	甘,酸
糖蜜饯类	糖	181#1683	白砂糖	400.00	0.00	0.00	99.90	肝,大肠	温	甘,酸
糖蜜饯类	糖	181#1684	绵白糖	396.00	0.10	0.00	98.90	肝,大肠	温	甘,酸
糖蜜饯类	糖	181#1685	冰糖	397.00	0.00	0.00	99.30	肝,大肠	温	甘,酸
糖蜜饯类	糖	181#1686	红糖	389.00	0.70	0.00	96.60	肝,大肠	温	甘,酸
糖蜜饯类	糖	181#1687	麦芽糖	331.00	0.20	0.20	82.00	肝,大肠	温	甘,酸
糖蜜饯类	糖果	182#1697	什锦糖果	399.00	0.30	0.20	98.90			
糖蜜饯类	糖果	182#1698	水晶糖	395.00	0.20	0.20	98.20	肝,大肠	温	甘,酸
糖蜜饯类	糖果	182#1699	酥糖	444.00	6.00	13.90	75.60	肝,大肠	温	甘,酸
糖蜜饯类	糖果	182#1700	酸三色糖	397.00	0.00	0.40	98.40			
糖蜜饯类	糖果	182#1701	鲜桃果汁糖	397.00	0.00	0.20	98.80	肝,大肠	温	甘,酸
糖蜜饯类	糖果	182#1702	芝麻南糖	548.00	4.80	35.60	54.40	肝,大肠	温	甘,酸
糖蜜饯类	糖果	182#1703	夹心糖	494.00	2.60	20.70	74.20	肝,大肠	温	甘,酸
糖蜜饯类	糖果	182#1704	水果味软糖	369.00	6.00	0.30	85.60	肝,大肠	温	甘,酸
糖蜜饯类	糖果	182#1705	牛奶糖	435.00	2.20	8.20	88.20			
糖蜜饯类	糖果	182#1706	酸奶软糖	404.00	0.00	1.60	97.30	肝,大肠	温	甘,酸
糖蜜饯类	糖果	182#1707	太妃糖	455.00	3.70	16.50	72.80	肝,大肠	温	甘,酸
糖蜜饯类	糖果	182#1708	花生牛轧糖	464.00	11.70	15.50	69.50	肝,大肠	温	甘,酸
糖蜜饯类	糖果	182#1709	花生芝麻糖	508.00	21.30	25.30	48.70	肝,大肠	温	甘,酸
糖蜜饯类	糖果	182#1710	四味粽子糖	397.00	0.10	0.40	98.30			
糖蜜饯类	糖果	182#1711	巧克力(充气)	552.00	9.20	32.80	54.90	肝,大肠	温	甘,酸
糖蜜饯类	糖果	182#1712	巧克力(果仁)	555.00	9.90	33.50	53.50	肝,大肠	温	甘,酸
糖蜜饯类	糖果	182#1713	巧克力(黑)	527.00	4.20	30.00	63.10			
糖蜜饯类	糖果	182#1714	巧克力(牛奶)	585.00	8.20	39.20	49.90	肝,大肠	温	甘,酸
糖蜜饯类	糖果	182#1689	胶姆糖	368.00	0.10	0.00	91.90	肝,大肠	温	甘,酸
糖蜜饯类	糖果	182#1690	马蹄软糖	359.00	0.10	0.00	89.60	肝,大肠	温	甘,酸
糖蜜饯类	糖果	182#1691	棉花糖	321.00	4.90	0.00	75.30	肝,大肠	温	甘,酸
糖蜜饯类	糖果	182#1692	奶糖	407.00	2.50	6.60	84.50	肝,大肠	温	甘,酸
糖蜜饯类	糖果	182#1693	泡泡糖	360.00	0.20	0.00	89.80			
糖蜜饯类	糖果	182#1694	巧克力	589.00	4.30	40.10	53.40	肝,大肠	温	甘,酸
糖蜜饯类	糖果	182#1695	巧克力(酒芯)	401.00	1.30	12.00	72.20	肝,大肠	温	甘,酸
糖蜜饯类	糖果	182#1696	山楂球	371.00	0.50	0.00	92.60	肝,大肠	温	甘,酸
糖蜜饯类	果脯	183#1715	海棠脯	290.00	0.60	0.20	72.60	肝,大肠	温	甘,酸
糖蜜饯类	果脯	183#1716	李广杏脯	293.00	2.80	0.30	72.10	肝,大肠	温	甘,酸
糖蜜饯类	果脯	183#1717	南瓜果脯	337.00	0.90	0.20	83.30	肝,大肠	温	甘,酸
糖蜜饯类	果脯	183#1718	苹果脯	340.00	0.60	0.10	84.90	肝,大肠	温	甘,酸
糖蜜饯类	果脯	183#1719	青梅果脯	314.00	1.20	0.60	77.40	肝,大肠	温	甘,酸
糖蜜饯类	果脯	183#1720	桃脯	315.00	1.40	0.40	77.60	肝,大肠	温	甘,酸
糖蜜饯类	果脯	183#1721	西瓜脯	311.00	0.70	0.20	77.50	肝,大肠	温	甘,酸
糖蜜饯类	果脯	183#1722	杏脯	333.00	0.80	0.60	82.00	肝,大肠	温	甘,酸
糖蜜饯类	果脯	183#1723	金糕	178.00	0.20	0.30	44.00	肝,大肠	温	甘,酸
糖蜜饯类	果脯	183#1724	金糕条(山楂条)	303.00	0.60	0.60	74.60	肝,大肠	温	甘,酸
糖蜜饯类	果脯	183#1725	山楂果丹皮	326.00	1.00	0.80	80.00	肝,大肠	温	甘,酸
糖蜜饯类	果脯	183#1726	冰糖酸角	271.00	2.30	0.00	68.90	肝,大肠	温	甘,酸
糖蜜饯类	果脯	183#1727	甘草杏	180.00	2.70	1.10	46.10	肝,大肠	温	甘,酸
糖蜜饯类	果脯	183#1728	清凉杏肉	326.00	2.00	0.20	79.00	肝,大肠	温	甘,酸
糖蜜饯类	果脯	183#1729	雪梅	286.00	3.10	1.10	72.40	肝,大肠	温	甘,酸
糖蜜饯类	果脯	183#1730	九制梅肉	291.00	3.40	3.20	70.80	肝,大肠	温	甘,酸
糖蜜饯类	果脯	183#1731	九制西梅	257.00	2.60	1.20	65.90	肝,大肠	温	甘,酸
糖蜜饯类	果脯	183#1732	九制应子	183.00	2.30	0.60	48.60	肝,大肠	温	甘,酸
糖蜜饯类	果脯	183#1733	梅脯	317.00	0.30	1.10	78.80	肝,大肠	温	甘,酸
糖蜜饯类	果脯	183#1734	阿胶枣	340.00	2.50	0.20	82.00	肝,大肠	温	甘,酸
糖蜜饯类	果脯	183#1735	黑贡枣	318.00	2.70	0.90	78.00	肝,大肠	温	甘,酸
糖蜜饯类	果脯	183#1736	野酸枣	334.00	2.70	0.50	79.60	肝,大肠	温	甘,酸
糖蜜饯类	果脯	183#1737	多味山楂	272.00	1.80	1.90	61.80	肝,大肠	温	甘,酸
糖蜜饯类	果脯	183#1738	山楂脯	259.00	0.50	0.60	62.90	肝,大肠	温	甘,酸
糖蜜饯类	果脯	183#1739	地瓜干	346.00	2.40	0.10	83.90			
糖蜜饯类	蜂蜜	184#1740	蜂蜜	321.00	0.40	1.90	75.60	肝,大肠	温	甘,酸
糖蜜饯类	蜂蜜	184#1741	蜂蜜(槐花)	362.00	0.20	0.30	89.50	肝,大肠	温	甘,酸
糖蜜饯类	蜂蜜	184#1742	蜂蜜(天麻)	326.00	5.20	0.30	75.70	肝,大肠	温	甘,酸
糖蜜饯类	蜂蜜	184#1743	蜂蜜(硬蜜)	328.00	0.30	0.50	80.50	肝,大肠	温	甘,酸
糖蜜饯类	蜂蜜	184#1744	蜂蜜(油菜花)	338.00	0.20	0.30	83.70	肝,大肠	温	甘,酸
油脂类	动物油脂	191#1745	牛油	835.00	0.00	92.00	1.80	肝,大肠	温	甘,酸
油脂类	动物油脂	191#1746	牛油(炼)	898.00	0.00	99.70	0.10	肝,大肠	温	甘,酸
油脂类	动物油脂	191#1747	鸭油(炼)	897.00	0.00	99.70	0.00	肝,大肠	温	甘,酸
油脂类	动物油脂	191#1748	羊油	824.00	0.00	88.00	8.00	肝,大肠	温	甘,酸
油脂类	动物油脂	191#1749	羊油(炼)	895.00	0.00	99.00	0.90	肝,大肠	温	甘,酸
油脂类	动物油脂	191#1750	猪油(板油)	827.00	0.00	88.70	7.20	肝,大肠	温	甘,酸
油脂类	动物油脂	191#1751	猪油(炼)	897.00	0.00	99.60	0.20	肝,大肠	温	甘,酸
油脂类	植物油	192#1769	橄榄油	899.00	0.00	99.90	0.00	肝,大肠	温	甘,酸
油脂类	植物油	192#1770	核桃油	895.00	0.00	99.10	0.80	肝,大肠	温	甘,酸
油脂类	植物油	192#1772	葵花子油	900.00	0.00	99.90	0.10	肝,大肠	温	甘,酸
油脂类	植物油	192#1773	玉米胚芽油	900.00	0.00	100.00	0.00	肝,大肠	温	甘,酸
油脂类	植物油	192#1774	米糠油	894.00	0.00	98.70	1.30	肝,大肠	温	甘,酸
油脂类	植物油	192#1775	油茶籽油	898.00	0.00	99.80	0.00	肝,大肠	温	甘,酸
油脂类	植物油	192#1777	大豆色拉油	900.00	0.00	99.90	0.10	肝,大肠	温	甘,酸
油脂类	植物油	192#1778	色拉油	899.00	0.00	99.70	0.30	肝,大肠	温	甘,酸
油脂类	植物油	192#1752	菜籽油(青油)	899.00	0.00	99.90	0.00			
油脂类	植物油	192#1753	茶油	899.00	0.00	99.90	0.00	肝,大肠	温	甘,酸
油脂类	植物油	192#1754	大麻油	899.00	0.00	99.90	0.00	肝,大肠	温	甘,酸
油脂类	植物油	192#1755	大豆油	899.00	0.00	99.90	0.00	肝,大肠	温	甘,酸
油脂类	植物油	192#1756	红花油	899.00	0.00	99.90	0.00	肝,大肠	温	甘,酸
油脂类	植物油	192#1757	胡麻油	900.00	0.00	100.00	0.00	肝,大肠	温	甘,酸
油脂类	植物油	192#1758	花生油	899.00	0.00	99.90	0.00	肝,大肠	温	甘,酸
油脂类	植物油	192#1759	混合油(菜+棕)	900.00	0.00	99.90	0.10	肝,大肠	温	甘,酸
油脂类	植物油	192#1760	辣椒油	900.00	0.00	100.00	0.00	肝,大肠	温	甘,酸
油脂类	植物油	192#1761	麻子油	417.00	21.80	28.20	38.20	肝,大肠	温	甘,酸
油脂类	植物油	192#1762	麦胚油	899.00	0.00	99.90	0.00	肝,大肠	温	甘,酸
油脂类	植物油	192#1763	棉耔油	899.00	0.00	99.80	0.10	肝,大肠	温	甘,酸
油脂类	植物油	192#1764	色拉油	898.00	0.00	99.80	0.00	肝,大肠	温	甘,酸
油脂类	植物油	192#1765	椰子油	899.00	0.00	99.90	0.00	肝,大肠	温	甘,酸
油脂类	植物油	192#1766	玉米油	895.00	0.00	99.20	0.50	肝,大肠	温	甘,酸
油脂类	植物油	192#1767	芝麻油(香油)	898.00	0.00	99.70	0.20	肝,大肠	温	甘,酸
油脂类	植物油	192#1768	棕榈油	900.00	0.00	100.00	0.00	肝,大肠	温	甘,酸
调味品	酱油	201#1779	酱油	63.00	5.60	0.10	10.10	肝,大肠	温	甘,酸
调味品	酱油	201#1780	酱油(高级)	71.00	8.40	0.20	9.00	肝,大肠	温	甘,酸
调味品	酱油	201#1781	酱油(一级)	66.00	8.30	0.60	6.90	肝,大肠	温	甘,酸
调味品	酱油	201#1782	酱油(三级)	40.00	6.80	0.40	2.40	肝,大肠	温	甘,酸
调味品	酱油	201#1783	酱油(冬菇)	39.00	3.50	0.10	5.90	肝,大肠	温	甘,酸
调味品	酱油	201#1784	酱油(多味)	86.00	7.80	0.40	12.90	肝,大肠	温	甘,酸
调味品	酱油	201#1785	酱油(三鲜)	41.00	3.40	0.10	6.60	肝,大肠	温	甘,酸
调味品	酱油	201#1786	酱油(晒制)	70.00	9.40	0.60	6.80	肝,大肠	温	甘,酸
调味品	酱油	201#1787	酱油(特母)	55.00	6.70	0.00	7.20	肝,大肠	温	甘,酸
调味品	酱油	201#1788	酱油(味精)	51.00	6.90	0.10	5.70	肝,大肠	温	甘,酸
调味品	酱油	201#1789	黄豆酱油	39.00	5.10	0.20	4.30	肝,大肠	温	甘,酸
调味品	酱油	201#1790	老抽	130.00	7.90	0.30	23.80	肝,大肠	温	甘,酸
调味品	酱油	201#1791	生抽	20.00	4.80	0.10	0.00	肝,大肠	温	甘,酸
调味品	醋	202#1792	醋	31.00	2.10	0.30	4.90	肝,大肠	温	甘,酸
调味品	醋	202#1793	白醋	6.00	0.10	0.60	0.00	肝,大肠	温	甘,酸
调味品	醋	202#1794	陈醋	114.00	9.80	0.30	17.90	肝,大肠	温	甘,酸
调味品	醋	202#1795	甘醋	37.00	2.80	0.00	6.50	肝,大肠	温	甘,酸
调味品	醋	202#1796	黑醋	91.00	3.70	0.20	18.50	肝,大肠	温	甘,酸
调味品	醋	202#1797	五香醋	14.00	0.50	0.00	3.00			
调味品	醋	202#1798	香醋	68.00	3.80	0.10	13.00	肝,大肠	温	甘,酸
调味品	醋	202#1799	熏醋	43.00	3.00	0.40	6.90	肝,大肠	温	甘,酸
调味品	豆瓣酱	203#1800	豆瓣酱	181.00	13.60	6.80	17.10	肝,大肠	温	甘,酸
调味品	豆瓣酱	203#1801	豆瓣酱(辣油)	188.00	7.90	5.90	27.00	肝,大肠	温	甘,酸
调味品	豆瓣酱	203#1802	豆瓣辣酱	73.00	3.60	2.40	12.90	肝,大肠	温	甘,酸
调味品	豆瓣酱	203#1803	黄酱(大酱)	138.00	12.10	1.20	21.30	肝,大肠	温	甘,酸
调味品	豆瓣酱	203#1804	酱油膏	99.00	13.00	0.70	10.20	肝,大肠	温	甘,酸
调味品	豆瓣酱	203#1805	辣椒酱(辣椒糊)	36.00	0.80	2.80	3.20	肝,大肠	温	甘,酸
调味品	豆瓣酱	203#1806	麻辣酱	145.00	5.80	5.10	21.40	肝,大肠	温	甘,酸
调味品	豆瓣酱	203#1807	牛肉辣瓣酱	129.00	9.70	6.10	9.40	肝,大肠	温	甘,酸
调味品	豆瓣酱	203#1808	蒜蓉辣酱	96.00	4.80	0.60	19.60	肝,大肠	温	甘,酸
调味品	豆瓣酱	203#1809	甜面酱	139.00	5.50	0.60	28.50	肝,大肠	温	甘,酸
调味品	豆瓣酱	203#1810	五香豆豉	270.00	24.10	3.00	39.70	肝,大肠	温	甘,酸
调味品	豆瓣酱	203#1811	香油辣酱	67.00	2.10	3.60	9.80	肝,大肠	温	甘,酸
调味品	豆瓣酱	203#1812	芝麻酱	630.00	19.20	52.70	22.70	肝,大肠	温	甘,酸
调味品	豆瓣酱	203#1813	郫县辣酱	106.00	4.00	1.00	24.80	肝,大肠	温	甘,酸
调味品	豆瓣酱	203#1814	花生酱	650.00	22.20	53.10	20.90	肝,大肠	温	甘,酸
调味品	豆瓣酱	203#1815	花生酱(加巧克力)	649.00	19.60	55.40	22.10	肝,大肠	温	甘,酸
调味品	豆瓣酱	203#1816	芝麻酱	711.00	18.00	66.80	9.40	肝,大肠	温	甘,酸
调味品	豆瓣酱	203#1817	千岛沙拉酱	477.00	2.30	43.40	19.80			
调味品	豆瓣酱	203#1818	沙拉酱	724.00	2.80	78.80	1.00	肝,大肠	温	甘,酸
调味品	豆瓣酱	203#1819	奶油攀司	605.00	2.90	42.00	53.80	肝,大肠	温	甘,酸
调味品	豆瓣酱	203#1820	番茄酱	85.00	4.90	0.20	16.90	肝,大肠	温	甘,酸
调味品	豆瓣酱	203#1821	柠檬酱	299.00	0.60	5.10	62.70	肝,大肠	温	甘,酸
调味品	豆瓣酱	203#1822	苹果酱	278.00	0.40	0.10	69.00	肝,大肠	温	甘,酸
调味品	豆瓣酱	203#1823	桃酱	274.00	0.40	0.20	68.00	肝,大肠	温	甘,酸
调味品	豆瓣酱	203#1824	杏酱	286.00	0.20	0.30	70.90	肝,大肠	温	甘,酸
调味品	豆瓣酱	203#1825	草莓酱	286.00	0.30	1.10	69.30			
调味品	豆瓣酱	203#1826	番茄沙司	115.00	1.00	0.20	28.00	肝,大肠	温	甘,酸
调味品	腐乳	204#1827	腐乳(酱豆腐)	135.00	10.90	8.20	4.80	肝,大肠	温	甘,酸
调味品	腐乳	204#1828	腐乳(臭)(臭豆腐)	132.00	11.60	7.90	3.90	肝,大肠	温	甘,酸
调味品	腐乳	204#1829	腐乳(红)(酱豆腐)	153.00	12.00	8.10	8.20	肝,大肠	温	甘,酸
调味品	腐乳	204#1830	桂林腐乳	206.00	7.30	11.30	19.20	肝,大肠	温	甘,酸
调味品	腐乳	204#1831	糟豆腐乳(糟乳)	157.00	11.70	7.40	11.20	肝,大肠	温	甘,酸
调味品	腐乳	204#1832	腐乳(香辣味)	160.00	13.10	11.60	0.80	肝,大肠	温	甘,酸
调味品	蔬菜腌制品	205#1843	酱萝卜	33.00	3.50	0.40	4.50	肝,大肠	温	甘,酸
调味品	蔬菜腌制品	205#1844	酱蘑菇	122.00	5.40	0.20	25.00	肝,大肠	温	甘,酸
调味品	蔬菜腌制品	205#1845	酱苤蓝丝	42.00	5.50	0.00	5.70	肝,大肠	温	甘,酸
调味品	蔬菜腌制品	205#1846	酱莴笋	25.00	2.30	0.20	4.10	肝,大肠	温	甘,酸
调味品	蔬菜腌制品	205#1847	芥菜干	196.00	13.30	0.80	47.50	肝,大肠	温	甘,酸
调味品	蔬菜腌制品	205#1848	金钱萝卜	45.00	1.60	0.30	10.10	肝,大肠	温	甘,酸
调味品	蔬菜腌制品	205#1849	辣萝卜条	41.00	1.40	0.50	8.50	肝,大肠	温	甘,酸
调味品	蔬菜腌制品	205#1850	萝卜干	67.00	3.30	0.20	14.60	肝,大肠	温	甘,酸
调味品	蔬菜腌制品	205#1851	乳黄瓜(嫩黄瓜)	36.00	1.70	0.30	7.40	肝,大肠	温	甘,酸
调味品	蔬菜腌制品	205#1852	什锦菜	38.00	2.90	0.50	6.20	肝,大肠	温	甘,酸
调味品	蔬菜腌制品	205#1853	酸芥菜	21.00	1.20	0.10	4.90	肝,大肠	温	甘,酸
调味品	蔬菜腌制品	205#1854	蒜头(酱)	109.00	4.40	0.10	23.90	肝,大肠	温	甘,酸
调味品	蔬菜腌制品	205#1855	蒜头(甜)(糖蒜)	117.00	2.10	0.20	27.60	肝,大肠	温	甘,酸
调味品	蔬菜腌制品	205#1856	甜辣黄瓜	102.00	2.80	0.20	22.80	肝,大肠	温	甘,酸
调味品	蔬菜腌制品	205#1857	甜酸皎头	98.00	0.50	0.50	23.00	肝,大肠	温	甘,酸
调味品	蔬菜腌制品	205#1858	五香大头菜	57.00	4.60	0.20	11.50	肝,大肠	温	甘,酸
调味品	蔬菜腌制品	205#1859	咸沙葱(蒙古韭)	28.00	2.40	0.80	3.80	肝,大肠	温	甘,酸
调味品	蔬菜腌制品	205#1860	洋姜(腌)(菊芋，鬼子姜)	36.00	2.60	0.00	6.80	肝,大肠	温	甘,酸
调味品	蔬菜腌制品	205#1861	榨菜	33.00	2.20	0.30	6.50	肝,大肠	温	甘,酸
调味品	蔬菜腌制品	205#1862	蕨菜(腌)	26.00	2.50	0.30	4.40	肝,大肠	温	甘,酸
调味品	蔬菜腌制品	205#1863	腌芥菜头(水芥，水疙瘩)	44.00	2.80	0.10	9.30	肝,大肠	温	甘,酸
调味品	蔬菜腌制品	205#1864	腌芥菜头(煮)(煮芥，煮疙瘩)	30.00	2.10	0.20	5.90	肝,大肠	温	甘,酸
调味品	蔬菜腌制品	205#1865	腌龙须菜	71.00	1.40	0.00	17.30	肝,大肠	温	甘,酸
调味品	蔬菜腌制品	205#1866	腌雪里红	29.00	2.40	0.20	5.40	肝,大肠	温	甘,酸
调味品	蔬菜腌制品	205#1867	剁辣椒	42.00	1.40	0.50	10.80	肝,大肠	温	甘,酸
调味品	蔬菜腌制品	205#1868	酱八宝菜	133.00	5.60	6.10	13.80	肝,大肠	温	甘,酸
调味品	蔬菜腌制品	205#1869	酱甘露	72.00	3.00	0.40	14.00			
调味品	蔬菜腌制品	205#1870	酱花生米	401.00	17.20	31.90	11.30			
调味品	蔬菜腌制品	205#1871	酱籽萝	60.00	2.90	0.40	11.20	肝,大肠	温	甘,酸
调味品	蔬菜腌制品	205#1872	麻仁金丝	69.00	3.10	0.60	12.70	肝,大肠	温	甘,酸
调味品	蔬菜腌制品	205#1873	雪菜	39.00	1.50	1.60	8.70	肝,大肠	温	甘,酸
调味品	蔬菜腌制品	205#1874	腌大头菜	67.00	7.00	0.20	11.30	肝,大肠	温	甘,酸
调味品	蔬菜腌制品	205#1875	腌芥菜头	26.00	2.40	0.10	5.60	肝,大肠	温	甘,酸
调味品	蔬菜腌制品	205#1876	腌韭菜花	32.00	2.80	0.60	3.80	肝,大肠	温	甘,酸
调味品	蔬菜腌制品	205#1877	腌萝卜条	55.00	0.60	0.30	15.30			
调味品	蔬菜腌制品	205#1833	八宝菜	78.00	4.60	1.40	13.40	肝,大肠	温	甘,酸
调味品	蔬菜腌制品	205#1834	冬菜	52.00	3.50	0.30	10.10	肝,大肠	温	甘,酸
调味品	蔬菜腌制品	205#1835	狗芽菜	27.00	1.30	0.10	6.50	肝,大肠	温	甘,酸
调味品	蔬菜腌制品	205#1836	桂花大头菜(佛手疙瘩)	54.00	3.20	0.40	10.40	肝,大肠	温	甘,酸
调味品	蔬菜腌制品	205#1837	合锦菜	83.00	6.00	0.00	16.70	肝,大肠	温	甘,酸
调味品	蔬菜腌制品	205#1838	姜(糟)	30.00	1.60	0.80	4.80	肝,大肠	温	甘,酸
调味品	蔬菜腌制品	205#1839	酱包瓜	112.00	4.70	0.00	24.80	肝,大肠	温	甘,酸
调味品	蔬菜腌制品	205#1840	酱大头菜	41.00	2.40	0.30	8.40	肝,大肠	温	甘,酸
调味品	蔬菜腌制品	205#1841	酱甘露(地蚕，甘露子)	41.00	2.20	0.30	8.20	肝,大肠	温	甘,酸
调味品	蔬菜腌制品	205#1842	酱黄瓜	26.00	3.00	0.30	3.40	肝,大肠	温	甘,酸
调味品	香辛料	206#1878	八角(大料，大茴香)	281.00	3.80	5.60	75.40	肝,大肠	温	甘,酸
调味品	香辛料	206#1879	胡椒粉	361.00	9.60	2.20	76.90	肝,大肠	温	甘,酸
调味品	香辛料	206#1880	花椒	316.00	6.70	8.90	66.50	肝,大肠	温	甘,酸
调味品	香辛料	206#1881	黄毛籽	330.00	21.00	15.60	50.40			
调味品	香辛料	206#1882	芥末	490.00	23.60	29.90	35.30	肝,大肠	温	甘,酸
调味品	香辛料	206#1883	苦豆子	270.00	4.60	2.40	72.30	肝,大肠	温	甘,酸
调味品	香辛料	206#1884	辣椒粉	290.00	15.20	9.50	57.70	肝,大肠	温	甘,酸
调味品	香辛料	206#1885	全料蒸肉粉	343.00	8.90	1.20	74.30	肝,大肠	温	甘,酸
调味品	香辛料	206#1886	五香粉	359.00	1.00	8.00	73.30	肝,大肠	温	甘,酸
调味品	香辛料	206#1887	茴香籽(小茴香籽)	318.00	14.50	11.80	55.50	肝,大肠	温	甘,酸
调味品	香辛料	206#1888	咖喱粉	341.00	13.00	12.20	63.30	肝,大肠	温	甘,酸
调味品	盐	207#1889	湖盐(青盐)	11.00	0.10	0.00	2.70	肝,大肠	温	甘,酸
调味品	盐	207#1890	精盐	0.00	0.00	0.00	0.00	肝,大肠	温	甘,酸
调味品	盐	207#1891	土盐	0.00	0.00	0.00	0.00	肝,大肠	温	甘,酸
调味品	盐	207#1892	味精	268.00	40.10	0.20	26.50	肝,大肠	温	甘,酸
调味品	盐	207#1893	鸡粉	226.00	13.20	5.10	32.40			
调味品	盐	207#1894	鸡精	197.00	10.70	2.80	32.50	肝,大肠	温	甘,酸
调味品	盐	207#1895	酵母(鲜)	106.00	2.60	0.00	23.90	肝,大肠	温	甘,酸
调味品	盐	207#1896	酵母(干)	372.00	47.60	1.70	45.50	肝,大肠	温	甘,酸
调味品	盐	207#1897	料酒	1.00	0.30	0.00	0.00	肝,大肠	温	甘,酸
药食两用	植物类	211#1914	莱菔子	423.00	18.80	30.00	37.20	肝,大肠	温	甘,酸
药食两用	植物类	211#1915	罗汉果	246.00	13.40	0.80	65.60	肝,大肠	温	甘,酸
药食两用	植物类	211#1916	木榧(园榧)	560.00	12.40	42.00	38.50	肝,大肠	温	甘,酸
药食两用	植物类	211#1917	肉豆蔻	494.00	8.10	35.20	43.30	肝,大肠	温	甘,酸
药食两用	植物类	211#1918	肉桂	278.00	11.70	2.70	71.50	肝,大肠	温	甘,酸
药食两用	植物类	211#1919	砂仁	265.00	8.10	1.50	69.00	肝,大肠	温	甘,酸
药食两用	植物类	211#1920	桃仁	487.00	0.10	37.60	51.40	肝,大肠	温	甘,酸
药食两用	植物类	211#1921	乌梅	287.00	6.80	2.30	76.60	肝,大肠	温	甘,酸
药食两用	植物类	211#1922	郁李仁	532.00	24.80	42.70	24.00	肝,大肠	温	甘,酸
药食两用	植物类	211#1923	枣仁	416.00	0.80	24.10	61.00	肝,大肠	温	甘,酸
药食两用	植物类	211#1924	紫苏	295.00	0.20	11.90	77.00	肝,大肠	温	甘,酸
药食两用	植物类	211#1925	茯苓	178.00	1.20	0.50	82.60	肝,大肠	温	甘,酸
药食两用	植物类	211#1926	霍香	264.00	10.50	5.00	63.10	肝,大肠	温	甘,酸
药食两用	植物类	211#1927	藿香(鲜)	11.00	0.00	0.00	5.50			
药食两用	植物类	211#1928	藿香叶(鲜)(兜娄婆香)	97.00	8.60	1.70	13.70	肝,大肠	温	甘,酸
药食两用	植物类	211#1929	枸杞子	292.00	13.90	1.50	64.10	肝,大肠	温	甘,酸
药食两用	植物类	211#1930	紫苏(鲜)(赤苏，白苏)	59.00	3.80	1.30	9.90	肝,大肠	温	甘,酸
药食两用	植物类	211#1898	白芷	335.00	8.90	1.50	74.10	肝,大肠	温	甘,酸
药食两用	植物类	211#1899	薄荷(干)	271.00	6.80	3.90	67.60	肝,大肠	温	甘,酸
药食两用	植物类	211#1900	薄荷(鲜)	34.00	4.40	0.00	6.60			
药食两用	植物类	211#1901	北五味子叶(鲜)(五味子，秤砣子)	75.00	3.90	0.30	15.30	肝,大肠	温	甘,酸
药食两用	植物类	211#1902	车前(鲜)	1.00	0.00	0.00	0.30	肝,大肠	温	甘,酸
药食两用	植物类	211#1903	车前(鲜)(车轮菜)	73.00	4.00	1.00	13.70	肝,大肠	温	甘,酸
药食两用	植物类	211#1904	陈皮	319.00	8.00	1.40	79.00	肝,大肠	温	甘,酸
药食两用	植物类	211#1905	丁香	392.00	0.30	17.20	67.40	肝,大肠	温	甘,酸
药食两用	植物类	211#1906	防风(根，鲜)	9.00	0.00	0.00	4.30	肝,大肠	温	甘,酸
药食两用	植物类	211#1907	防风(叶，鲜)	8.00	0.00	0.00	4.00	肝,大肠	温	甘,酸
药食两用	植物类	211#1908	甘草	280.00	4.90	4.20	75.00	肝,大肠	温	甘,酸
药食两用	植物类	211#1909	高良姜	256.00	10.90	5.70	61.90	肝,大肠	温	甘,酸
药食两用	植物类	211#1910	红花	268.00	4.60	4.90	63.30	肝,大肠	温	甘,酸
药食两用	植物类	211#1911	虎杖(鲜)	5.00	0.00	0.00	2.50	肝,大肠	温	甘,酸
药食两用	植物类	211#1912	菊花(怀菊花)	274.00	6.00	3.30	63.00	肝,大肠	温	甘,酸
药食两用	植物类	211#1913	决明(鲜)	1.00	0.00	0.00	0.30	肝,大肠	温	甘,酸
药食两用	其他	219#1931	甲鱼(鳖)	118.00	17.80	4.30	2.10	肝,大肠	温	甘,酸
药食两用	其他	219#1932	田鸡(青蛙)	93.00	20.50	1.20	0.00	肝,大肠	温	甘,酸
药食两用	其他	219#1933	田鸡腿(青蛙腿)	79.00	11.80	1.40	4.70	肝,大肠	温	甘,酸
药食两用	其他	219#1934	中国鲎(水鳖子)	63.00	10.30	1.50	2.10	肝,大肠	温	甘,酸
药食两用	其他	219#1935	蛇	85.00	15.10	0.50	5.00	肝,大肠	温	甘,酸
药食两用	其他	219#1936	饭铲头蛇	88.00	15.10	0.40	6.10	肝,大肠	温	甘,酸
药食两用	其他	219#1937	过树榕蛇	75.00	13.70	0.20	4.50	肝,大肠	温	甘,酸
药食两用	其他	219#1938	锦蛇	94.00	20.30	0.70	1.60	肝,大肠	温	甘,酸
药食两用	其他	219#1939	三索线蛇	76.00	11.80	0.10	6.90	肝,大肠	温	甘,酸
药食两用	其他	219#1940	水蛇	90.00	14.40	1.00	5.90	肝,大肠	温	甘,酸
药食两用	其他	219#1941	蚕蛹	230.00	21.50	13.00	6.70	肝,大肠	温	甘,酸
药食两用	其他	219#1942	冬虫夏草(虫草)	332.00	20.90	4.70	61.60	肝,大肠	温	甘,酸
药食两用	其他	219#1943	蝎子	177.00	26.20	4.70	7.50	肝,大肠	温	甘,酸
药食两用	其他	219#1944	蜂蛹(蜂胚、蜂仔)	100.00	10.60	5.40	2.30	肝,大肠	温	甘,酸
药食两用	其他	219#1945	蜂蛹(油蜂)	669.00	20.00	61.40	9.00	肝,大肠	温	甘,酸
药食两用	其他	219#1946	蜂蛹(大黄蜂)	109.00	12.10	3.80	6.60	肝,大肠	温	甘,酸
药食两用	其他	219#1947	葛根	190.00	1.50	0.20	45.60	肝,大肠	温	甘,酸
药食两用	其他	219#1948	花椒叶(干)	317.00	16.70	0.70	61.00	肝,大肠	温	甘,酸
药食两用	其他	219#1949	花粉(油菜)	409.00	24.60	11.10	52.70	肝,大肠	温	甘,酸
药食两用	其他	219#1950	花粉(油菜)(松花粉)	398.00	9.60	7.70	72.50	肝,大肠	温	甘,酸
药食两用	其他	219#1951	花粉(荞麦)	367.00	14.90	4.20	67.30	肝,大肠	温	甘,酸
药食两用	其他	219#1952	牛蛙	81.00	15.70	0.50	3.40	肝,大肠	温	甘,酸
药食两用	其他	219#1953	仙人掌(食用)	15.00	0.50	0.00	4.60			
药食两用	其他	219#1954	仙人掌果(仙桃)	25.00	1.10	0.10	6.80	肝,大肠	温	甘,酸
药食两用	其他	219#1955	仙人掌籽	249.00	7.40	5.10	81.70	肝,大肠	温	甘,酸
